This is pdfTeX, Version 3.14159265-2.6-1.40.15 (TeX Live 2015/dev/Debian) (preloaded format=pdflatex 2015.6.12)  9 FEB 2016 10:46
entering extended mode
 restricted \write18 enabled.
 %&-line parsing enabled.
**chap04
(./chap04.tex
LaTeX2e <2014/05/01>
Babel <3.9l> and hyphenation patterns for 4 languages loaded.
(/usr/share/texlive/texmf-dist/tex/latex/base/article.cls
Document Class: article 2014/09/29 v1.4h Standard LaTeX document class
(/usr/share/texlive/texmf-dist/tex/latex/base/size10.clo
File: size10.clo 2014/09/29 v1.4h Standard LaTeX file (size option)
)
\c@part=\count79
\c@section=\count80
\c@subsection=\count81
\c@subsubsection=\count82
\c@paragraph=\count83
\c@subparagraph=\count84
\c@figure=\count85
\c@table=\count86
\abovecaptionskip=\skip41
\belowcaptionskip=\skip42
\bibindent=\dimen102
)
(/usr/share/texlive/texmf-dist/tex/latex/geometry/geometry.sty
Package: geometry 2010/09/12 v5.6 Page Geometry

(/usr/share/texlive/texmf-dist/tex/latex/graphics/keyval.sty
Package: keyval 2014/05/08 v1.15 key=value parser (DPC)
\KV@toks@=\toks14
)
(/usr/share/texlive/texmf-dist/tex/generic/oberdiek/ifpdf.sty
Package: ifpdf 2011/01/30 v2.3 Provides the ifpdf switch (HO)
Package ifpdf Info: pdfTeX in PDF mode is detected.
)
(/usr/share/texlive/texmf-dist/tex/generic/oberdiek/ifvtex.sty
Package: ifvtex 2010/03/01 v1.5 Detect VTeX and its facilities (HO)
Package ifvtex Info: VTeX not detected.
)
(/usr/share/texlive/texmf-dist/tex/generic/ifxetex/ifxetex.sty
Package: ifxetex 2010/09/12 v0.6 Provides ifxetex conditional
)
\Gm@cnth=\count87
\Gm@cntv=\count88
\c@Gm@tempcnt=\count89
\Gm@bindingoffset=\dimen103
\Gm@wd@mp=\dimen104
\Gm@odd@mp=\dimen105
\Gm@even@mp=\dimen106
\Gm@layoutwidth=\dimen107
\Gm@layoutheight=\dimen108
\Gm@layouthoffset=\dimen109
\Gm@layoutvoffset=\dimen110
\Gm@dimlist=\toks15
)
(/usr/share/texlive/texmf-dist/tex/latex/graphics/graphicx.sty
Package: graphicx 2014/04/25 v1.0g Enhanced LaTeX Graphics (DPC,SPQR)

(/usr/share/texlive/texmf-dist/tex/latex/graphics/graphics.sty
Package: graphics 2009/02/05 v1.0o Standard LaTeX Graphics (DPC,SPQR)

(/usr/share/texlive/texmf-dist/tex/latex/graphics/trig.sty
Package: trig 1999/03/16 v1.09 sin cos tan (DPC)
)
(/usr/share/texlive/texmf-dist/tex/latex/latexconfig/graphics.cfg
File: graphics.cfg 2010/04/23 v1.9 graphics configuration of TeX Live
)
Package graphics Info: Driver file: pdftex.def on input line 91.

(/usr/share/texlive/texmf-dist/tex/latex/pdftex-def/pdftex.def
File: pdftex.def 2011/05/27 v0.06d Graphics/color for pdfTeX

(/usr/share/texlive/texmf-dist/tex/generic/oberdiek/infwarerr.sty
Package: infwarerr 2010/04/08 v1.3 Providing info/warning/error messages (HO)
)
(/usr/share/texlive/texmf-dist/tex/generic/oberdiek/ltxcmds.sty
Package: ltxcmds 2011/11/09 v1.22 LaTeX kernel commands for general use (HO)
)
\Gread@gobject=\count90
))
\Gin@req@height=\dimen111
\Gin@req@width=\dimen112
)
(/usr/share/texlive/texmf-dist/tex/latex/tools/multicol.sty
Package: multicol 2014/10/28 v1.8i multicolumn formatting (FMi)
\c@tracingmulticols=\count91
\mult@box=\box26
\multicol@leftmargin=\dimen113
\c@unbalance=\count92
\c@collectmore=\count93
\doublecol@number=\count94
\multicoltolerance=\count95
\multicolpretolerance=\count96
\full@width=\dimen114
\page@free=\dimen115
\premulticols=\dimen116
\postmulticols=\dimen117
\multicolsep=\skip43
\multicolbaselineskip=\skip44
\partial@page=\box27
\last@line=\box28
\maxbalancingoverflow=\dimen118
\mult@rightbox=\box29
\mult@grightbox=\box30
\mult@gfirstbox=\box31
\mult@firstbox=\box32
\@tempa=\box33
\@tempa=\box34
\@tempa=\box35
\@tempa=\box36
\@tempa=\box37
\@tempa=\box38
\@tempa=\box39
\@tempa=\box40
\@tempa=\box41
\@tempa=\box42
\@tempa=\box43
\@tempa=\box44
\@tempa=\box45
\@tempa=\box46
\@tempa=\box47
\@tempa=\box48
\@tempa=\box49
\c@columnbadness=\count97
\c@finalcolumnbadness=\count98
\last@try=\dimen119
\multicolovershoot=\dimen120
\multicolundershoot=\dimen121
\mult@nat@firstbox=\box50
\colbreak@box=\box51
\mc@col@check@num=\count99
)
(/usr/share/texlive/texmf-dist/tex/latex/overpic/overpic.sty
Package: overpic 2010/09/13 v0.53  Overwriting graphics

Package: overpic v0.53 <2010/09/13> (RN)
(/usr/share/texlive/texmf-dist/tex/latex/eepic/epic.sty
Enhancements to Picture Environment. Version 1.2 - Released June 1, 1986
\@@multicnt=\count100
\d@lta=\count101
\@delta=\dimen122
\@@delta=\dimen123
\@gridcnt=\count102
\@joinkind=\count103
\@dotgap=\dimen124
\@ddotgap=\dimen125
\@x@diff=\count104
\@y@diff=\count105
\x@diff=\dimen126
\y@diff=\dimen127
\@dotbox=\box52
\num@segments=\count106
\num@segmentsi=\count107
\@datafile=\read1
)
overpic: relative positioning in percent
) (/usr/share/texlive/texmf-dist/tex/latex/fancyvrb/fancyvrb.sty
Package: fancyvrb 2008/02/07

Style option: `fancyvrb' v2.7a, with DG/SPQR fixes, and firstline=lastline fix 
<2008/02/07> (tvz)
\FV@CodeLineNo=\count108
\FV@InFile=\read2
\FV@TabBox=\box53
\c@FancyVerbLine=\count109
\FV@StepNumber=\count110
\FV@OutFile=\write3
) (./chap04.aux)
\openout1 = `chap04.aux'.

LaTeX Font Info:    Checking defaults for OML/cmm/m/it on input line 40.
LaTeX Font Info:    ... okay on input line 40.
LaTeX Font Info:    Checking defaults for T1/cmr/m/n on input line 40.
LaTeX Font Info:    ... okay on input line 40.
LaTeX Font Info:    Checking defaults for OT1/cmr/m/n on input line 40.
LaTeX Font Info:    ... okay on input line 40.
LaTeX Font Info:    Checking defaults for OMS/cmsy/m/n on input line 40.
LaTeX Font Info:    ... okay on input line 40.
LaTeX Font Info:    Checking defaults for OMX/cmex/m/n on input line 40.
LaTeX Font Info:    ... okay on input line 40.
LaTeX Font Info:    Checking defaults for U/cmr/m/n on input line 40.
LaTeX Font Info:    ... okay on input line 40.

*geometry* driver: auto-detecting
*geometry* detected driver: pdftex
*geometry* verbose mode - [ preamble ] result:
* driver: pdftex
* paper: <default>
* layout: <same size as paper>
* layoutoffset:(h,v)=(0.0pt,0.0pt)
* modes: landscape 
* h-part:(L,W,R)=(36.135pt, 722.7pt, 36.135pt)
* v-part:(T,H,B)=(-72.26999pt, 686.56499pt, 0.0pt)
* \paperwidth=794.96999pt
* \paperheight=614.295pt
* \textwidth=722.7pt
* \textheight=686.56499pt
* \oddsidemargin=-36.135pt
* \evensidemargin=-36.135pt
* \topmargin=-181.53998pt
* \headheight=12.0pt
* \headsep=25.0pt
* \topskip=10.0pt
* \footskip=30.0pt
* \marginparwidth=65.0pt
* \marginparsep=11.0pt
* \columnsep=10.0pt
* \skip\footins=9.0pt plus 4.0pt minus 2.0pt
* \hoffset=0.0pt
* \voffset=0.0pt
* \mag=1000
* \@twocolumnfalse
* \@twosidefalse
* \@mparswitchfalse
* \@reversemarginfalse
* (1in=72.27pt=25.4mm, 1cm=28.453pt)

(/usr/share/texlive/texmf-dist/tex/context/base/supp-pdf.mkii
[Loading MPS to PDF converter (version 2006.09.02).]
\scratchcounter=\count111
\scratchdimen=\dimen128
\scratchbox=\box54
\nofMPsegments=\count112
\nofMParguments=\count113
\everyMPshowfont=\toks16
\MPscratchCnt=\count114
\MPscratchDim=\dimen129
\MPnumerator=\count115
\makeMPintoPDFobject=\count116
\everyMPtoPDFconversion=\toks17
) (/usr/share/texlive/texmf-dist/tex/generic/oberdiek/pdftexcmds.sty
Package: pdftexcmds 2011/11/29 v0.20 Utility functions of pdfTeX for LuaTeX (HO
)

(/usr/share/texlive/texmf-dist/tex/generic/oberdiek/ifluatex.sty
Package: ifluatex 2010/03/01 v1.3 Provides the ifluatex switch (HO)
Package ifluatex Info: LuaTeX not detected.
)
Package pdftexcmds Info: LuaTeX not detected.
Package pdftexcmds Info: \pdf@primitive is available.
Package pdftexcmds Info: \pdf@ifprimitive is available.
Package pdftexcmds Info: \pdfdraftmode found.
)
(/usr/share/texlive/texmf-dist/tex/latex/oberdiek/epstopdf-base.sty
Package: epstopdf-base 2010/02/09 v2.5 Base part for package epstopdf

(/usr/share/texlive/texmf-dist/tex/latex/oberdiek/grfext.sty
Package: grfext 2010/08/19 v1.1 Manage graphics extensions (HO)

(/usr/share/texlive/texmf-dist/tex/generic/oberdiek/kvdefinekeys.sty
Package: kvdefinekeys 2011/04/07 v1.3 Define keys (HO)
))
(/usr/share/texlive/texmf-dist/tex/latex/oberdiek/kvoptions.sty
Package: kvoptions 2011/06/30 v3.11 Key value format for package options (HO)

(/usr/share/texlive/texmf-dist/tex/generic/oberdiek/kvsetkeys.sty
Package: kvsetkeys 2012/04/25 v1.16 Key value parser (HO)

(/usr/share/texlive/texmf-dist/tex/generic/oberdiek/etexcmds.sty
Package: etexcmds 2011/02/16 v1.5 Avoid name clashes with e-TeX commands (HO)
Package etexcmds Info: Could not find \expanded.
(etexcmds)             That can mean that you are not using pdfTeX 1.50 or
(etexcmds)             that some package has redefined \expanded.
(etexcmds)             In the latter case, load this package earlier.
)))
Package grfext Info: Graphics extension search list:
(grfext)             [.png,.pdf,.jpg,.mps,.jpeg,.jbig2,.jb2,.PNG,.PDF,.JPG,.JPE
G,.JBIG2,.JB2,.eps]
(grfext)             \AppendGraphicsExtensions on input line 452.

(/usr/share/texlive/texmf-dist/tex/latex/latexconfig/epstopdf-sys.cfg
File: epstopdf-sys.cfg 2010/07/13 v1.3 Configuration of (r)epstopdf for TeX Liv
e
))
LaTeX Font Info:    Try loading font information for OMS+cmr on input line 49.

(/usr/share/texlive/texmf-dist/tex/latex/base/omscmr.fd
File: omscmr.fd 2014/09/29 v2.5h Standard LaTeX font definitions
)
LaTeX Font Info:    Font shape `OMS/cmr/m/n' in size <20.74> not available
(Font)              Font shape `OMS/cmsy/m/n' tried instead on input line 49.

<chap04/4_01.pdf, id=1, 614.295pt x 794.97pt>
File: chap04/4_01.pdf Graphic file (type pdf)
 <use chap04/4_01.pdf>
Package pdftex.def Info: chap04/4_01.pdf used on input line 57.
(pdftex.def)             Requested size: 921.44023pt x 1192.45209pt.

Overfull \hbox (195.48764pt too wide) in paragraph at lines 58--58
[][] 
 []

[1

{/var/lib/texmf/fonts/map/pdftex/updmap/pdftex.map}]
Overfull \vbox (505.88649pt too high) has occurred while \output is active []


[2 <./chap04/4_01.pdf>] <chap04/4_02.pdf, id=20, 614.295pt x 794.97pt>
File: chap04/4_02.pdf Graphic file (type pdf)

<use chap04/4_02.pdf>
Package pdftex.def Info: chap04/4_02.pdf used on input line 60.
(pdftex.def)             Requested size: 921.44023pt x 1192.45209pt.
LaTeX Font Info:    External font `cmex10' loaded for size
(Font)              <20.74> on input line 61.
LaTeX Font Info:    External font `cmex10' loaded for size
(Font)              <14.4> on input line 61.
LaTeX Font Info:    External font `cmex10' loaded for size
(Font)              <12> on input line 61.

Overfull \hbox (195.48764pt too wide) in paragraph at lines 64--64
[][] 
 []


Overfull \vbox (505.88649pt too high) has occurred while \output is active []


[3 <./chap04/4_02.pdf>] <chap04/4_03.pdf, id=31, 614.295pt x 794.97pt>
File: chap04/4_03.pdf Graphic file (type pdf)

<use chap04/4_03.pdf>
Package pdftex.def Info: chap04/4_03.pdf used on input line 66.
(pdftex.def)             Requested size: 921.44023pt x 1192.45209pt.

Overfull \hbox (195.48764pt too wide) in paragraph at lines 68--68
[][] 
 []


Overfull \vbox (505.88649pt too high) has occurred while \output is active []


[4 <./chap04/4_03.pdf>] <chap04/4_04.pdf, id=41, 614.295pt x 794.97pt>
File: chap04/4_04.pdf Graphic file (type pdf)

<use chap04/4_04.pdf>
Package pdftex.def Info: chap04/4_04.pdf used on input line 70.
(pdftex.def)             Requested size: 921.44023pt x 1192.45209pt.

Overfull \hbox (195.48764pt too wide) in paragraph at lines 72--72
[][] 
 []


Overfull \vbox (505.88649pt too high) has occurred while \output is active []


[5 <./chap04/4_04.pdf>] <chap04/4_05.pdf, id=51, 614.295pt x 794.97pt>
File: chap04/4_05.pdf Graphic file (type pdf)

<use chap04/4_05.pdf>
Package pdftex.def Info: chap04/4_05.pdf used on input line 74.
(pdftex.def)             Requested size: 921.44023pt x 1192.45209pt.

Overfull \hbox (195.48764pt too wide) in paragraph at lines 75--75
[][] 
 []


Overfull \vbox (505.88649pt too high) has occurred while \output is active []


[6 <./chap04/4_05.pdf>] <chap04/4_06.pdf, id=61, 614.295pt x 794.97pt>
File: chap04/4_06.pdf Graphic file (type pdf)

<use chap04/4_06.pdf>
Package pdftex.def Info: chap04/4_06.pdf used on input line 77.
(pdftex.def)             Requested size: 921.44023pt x 1192.45209pt.
LaTeX Font Info:    Try loading font information for OMS+cmtt on input line 78.

 (/usr/share/texmf/tex/latex/R/tex/latex/omscmtt.fd
File: omscmtt.fd 
)
LaTeX Font Info:    Font shape `OMS/cmtt/m/n' in size <20.74> not available
(Font)              Font shape `OMS/cmsy/m/n' tried instead on input line 78.

Overfull \hbox (195.48764pt too wide) in paragraph at lines 86--86
[][] 
 []


Overfull \vbox (505.88649pt too high) has occurred while \output is active []


[7 <./chap04/4_06.pdf>] <chap04/4_07.pdf, id=71, 614.295pt x 794.97pt>
File: chap04/4_07.pdf Graphic file (type pdf)

<use chap04/4_07.pdf>
Package pdftex.def Info: chap04/4_07.pdf used on input line 88.
(pdftex.def)             Requested size: 921.44023pt x 1192.45209pt.

Overfull \hbox (195.48764pt too wide) in paragraph at lines 89--89
[][] 
 []


Overfull \vbox (505.88649pt too high) has occurred while \output is active []


[8 <./chap04/4_07.pdf>] <chap04/4_08.pdf, id=81, 614.295pt x 794.97pt>
File: chap04/4_08.pdf Graphic file (type pdf)

<use chap04/4_08.pdf>
Package pdftex.def Info: chap04/4_08.pdf used on input line 91.
(pdftex.def)             Requested size: 921.44023pt x 1192.45209pt.

Overfull \hbox (195.48764pt too wide) in paragraph at lines 92--92
[][] 
 []


Overfull \vbox (505.88649pt too high) has occurred while \output is active []


[9 <./chap04/4_08.pdf>] <chap04/4_09.pdf, id=91, 614.295pt x 794.97pt>
File: chap04/4_09.pdf Graphic file (type pdf)

<use chap04/4_09.pdf>
Package pdftex.def Info: chap04/4_09.pdf used on input line 94.
(pdftex.def)             Requested size: 921.44023pt x 1192.45209pt.

Overfull \hbox (195.48764pt too wide) in paragraph at lines 95--95
[][] 
 []


Overfull \vbox (505.88649pt too high) has occurred while \output is active []


[10 <./chap04/4_09.pdf>] <chap04/4_10.pdf, id=102, 614.295pt x 794.97pt>
File: chap04/4_10.pdf Graphic file (type pdf)

<use chap04/4_10.pdf>
Package pdftex.def Info: chap04/4_10.pdf used on input line 97.
(pdftex.def)             Requested size: 921.44023pt x 1192.45209pt.

Overfull \hbox (195.48764pt too wide) in paragraph at lines 98--98
[][] 
 []


Overfull \vbox (505.88649pt too high) has occurred while \output is active []


[11 <./chap04/4_10.pdf>] <chap04/4_11.pdf, id=112, 614.295pt x 794.97pt>
File: chap04/4_11.pdf Graphic file (type pdf)

<use chap04/4_11.pdf>
Package pdftex.def Info: chap04/4_11.pdf used on input line 100.
(pdftex.def)             Requested size: 921.44023pt x 1192.45209pt.

Overfull \hbox (195.48764pt too wide) in paragraph at lines 105--105
[][] 
 []


Overfull \vbox (505.88649pt too high) has occurred while \output is active []


[12 <./chap04/4_11.pdf>]
<chap04/p173_signal_code.pdf, id=125, 614.295pt x 794.97pt>
File: chap04/p173_signal_code.pdf Graphic file (type pdf)

<use chap04/p173_signal_code.pdf>
Package pdftex.def Info: chap04/p173_signal_code.pdf used on input line 107.
(pdftex.def)             Requested size: 921.44023pt x 1192.45209pt.

Overfull \hbox (195.48764pt too wide) in paragraph at lines 120--120
[][] 
 []


Overfull \vbox (505.88649pt too high) has occurred while \output is active []


[13 <./chap04/p173_signal_code.pdf>]
<chap04/4_12.pdf, id=135, 614.295pt x 794.97pt>
File: chap04/4_12.pdf Graphic file (type pdf)
 <use chap04/4_12.pdf>
Package pdftex.def Info: chap04/4_12.pdf used on input line 122.
(pdftex.def)             Requested size: 706.43375pt x 914.20842pt.

Overfull \vbox (227.64247pt too high) has occurred while \output is active []


[14 <./chap04/4_12.pdf>] <chap04/4_13.pdf, id=148, 614.295pt x 794.97pt>
File: chap04/4_13.pdf Graphic file (type pdf)

<use chap04/4_13.pdf>
Package pdftex.def Info: chap04/4_13.pdf used on input line 126.
(pdftex.def)             Requested size: 706.43375pt x 914.20842pt.

Overfull \vbox (227.64247pt too high) has occurred while \output is active []


[15 <./chap04/4_13.pdf>]
Underfull \hbox (badness 10000) in paragraph at lines 137--139

 []


Underfull \hbox (badness 10000) in paragraph at lines 137--139

 []

[16] <chap04/4_14.pdf, id=163, 614.295pt x 794.97pt>
File: chap04/4_14.pdf Graphic file (type pdf)
 <use chap04/4_14.pdf>
Package pdftex.def Info: chap04/4_14.pdf used on input line 150.
(pdftex.def)             Requested size: 921.44023pt x 1192.45209pt.

Overfull \hbox (195.48764pt too wide) in paragraph at lines 151--151
[][] 
 []


Overfull \vbox (505.88649pt too high) has occurred while \output is active []


[17 <./chap04/4_14.pdf>] [18] <chap04/4_15.pdf, id=178, 614.295pt x 794.97pt>
File: chap04/4_15.pdf Graphic file (type pdf)

<use chap04/4_15.pdf>
Package pdftex.def Info: chap04/4_15.pdf used on input line 187.
(pdftex.def)             Requested size: 614.29349pt x 794.96806pt.
 [19]
Overfull \vbox (108.40266pt too high) has occurred while \output is active []


[20 <./chap04/4_15.pdf>] (./chap04.aux) ) 
Here is how much of TeX's memory you used:
 2681 strings out of 494977
 39235 string characters out of 6180183
 103928 words of memory out of 5000000
 5869 multiletter control sequences out of 15000+600000
 7203 words of font info for 26 fonts, out of 8000000 for 9000
 36 hyphenation exceptions out of 8191
 37i,5n,23p,235b,202s stack positions out of 5000i,500n,10000p,200000b,80000s
</usr/share/texlive/texmf-dist/fonts/t
ype1/public/amsfonts/cm/cmbx12.pfb></usr/share/texlive/texmf-dist/fonts/type1/p
ublic/amsfonts/cm/cmr10.pfb></usr/share/texlive/texmf-dist/fonts/type1/public/a
msfonts/cm/cmr17.pfb></usr/share/texlive/texmf-dist/fonts/type1/public/amsfonts
/cm/cmsy10.pfb></usr/share/texlive/texmf-dist/fonts/type1/public/amsfonts/cm/cm
ti12.pfb></usr/share/texlive/texmf-dist/fonts/type1/public/amsfonts/cm/cmtt12.p
fb>
Output written on chap04.pdf (20 pages, 90389 bytes).
PDF statistics:
 213 PDF objects out of 1000 (max. 8388607)
 167 compressed objects within 2 object streams
 0 named destinations out of 1000 (max. 500000)
 81 words of extra memory for PDF output out of 10000 (max. 10000000)

