This is pdfTeX, Version 3.14159265-2.6-1.40.15 (TeX Live 2015/dev/Debian) (preloaded format=pdflatex 2015.6.12)  12 JAN 2016 08:56
entering extended mode
 restricted \write18 enabled.
 %&-line parsing enabled.
**chap02
(./chap02.tex
LaTeX2e <2014/05/01>
Babel <3.9l> and hyphenation patterns for 4 languages loaded.
(/usr/share/texlive/texmf-dist/tex/latex/base/article.cls
Document Class: article 2014/09/29 v1.4h Standard LaTeX document class
(/usr/share/texlive/texmf-dist/tex/latex/base/size10.clo
File: size10.clo 2014/09/29 v1.4h Standard LaTeX file (size option)
)
\c@part=\count79
\c@section=\count80
\c@subsection=\count81
\c@subsubsection=\count82
\c@paragraph=\count83
\c@subparagraph=\count84
\c@figure=\count85
\c@table=\count86
\abovecaptionskip=\skip41
\belowcaptionskip=\skip42
\bibindent=\dimen102
)
(/usr/share/texlive/texmf-dist/tex/latex/geometry/geometry.sty
Package: geometry 2010/09/12 v5.6 Page Geometry

(/usr/share/texlive/texmf-dist/tex/latex/graphics/keyval.sty
Package: keyval 2014/05/08 v1.15 key=value parser (DPC)
\KV@toks@=\toks14
)
(/usr/share/texlive/texmf-dist/tex/generic/oberdiek/ifpdf.sty
Package: ifpdf 2011/01/30 v2.3 Provides the ifpdf switch (HO)
Package ifpdf Info: pdfTeX in PDF mode is detected.
)
(/usr/share/texlive/texmf-dist/tex/generic/oberdiek/ifvtex.sty
Package: ifvtex 2010/03/01 v1.5 Detect VTeX and its facilities (HO)
Package ifvtex Info: VTeX not detected.
)
(/usr/share/texlive/texmf-dist/tex/generic/ifxetex/ifxetex.sty
Package: ifxetex 2010/09/12 v0.6 Provides ifxetex conditional
)
\Gm@cnth=\count87
\Gm@cntv=\count88
\c@Gm@tempcnt=\count89
\Gm@bindingoffset=\dimen103
\Gm@wd@mp=\dimen104
\Gm@odd@mp=\dimen105
\Gm@even@mp=\dimen106
\Gm@layoutwidth=\dimen107
\Gm@layoutheight=\dimen108
\Gm@layouthoffset=\dimen109
\Gm@layoutvoffset=\dimen110
\Gm@dimlist=\toks15
)
(/usr/share/texlive/texmf-dist/tex/latex/graphics/graphicx.sty
Package: graphicx 2014/04/25 v1.0g Enhanced LaTeX Graphics (DPC,SPQR)

(/usr/share/texlive/texmf-dist/tex/latex/graphics/graphics.sty
Package: graphics 2009/02/05 v1.0o Standard LaTeX Graphics (DPC,SPQR)

(/usr/share/texlive/texmf-dist/tex/latex/graphics/trig.sty
Package: trig 1999/03/16 v1.09 sin cos tan (DPC)
)
(/usr/share/texlive/texmf-dist/tex/latex/latexconfig/graphics.cfg
File: graphics.cfg 2010/04/23 v1.9 graphics configuration of TeX Live
)
Package graphics Info: Driver file: pdftex.def on input line 91.

(/usr/share/texlive/texmf-dist/tex/latex/pdftex-def/pdftex.def
File: pdftex.def 2011/05/27 v0.06d Graphics/color for pdfTeX

(/usr/share/texlive/texmf-dist/tex/generic/oberdiek/infwarerr.sty
Package: infwarerr 2010/04/08 v1.3 Providing info/warning/error messages (HO)
)
(/usr/share/texlive/texmf-dist/tex/generic/oberdiek/ltxcmds.sty
Package: ltxcmds 2011/11/09 v1.22 LaTeX kernel commands for general use (HO)
)
\Gread@gobject=\count90
))
\Gin@req@height=\dimen111
\Gin@req@width=\dimen112
)
(/usr/share/texlive/texmf-dist/tex/latex/tools/multicol.sty
Package: multicol 2014/10/28 v1.8i multicolumn formatting (FMi)
\c@tracingmulticols=\count91
\mult@box=\box26
\multicol@leftmargin=\dimen113
\c@unbalance=\count92
\c@collectmore=\count93
\doublecol@number=\count94
\multicoltolerance=\count95
\multicolpretolerance=\count96
\full@width=\dimen114
\page@free=\dimen115
\premulticols=\dimen116
\postmulticols=\dimen117
\multicolsep=\skip43
\multicolbaselineskip=\skip44
\partial@page=\box27
\last@line=\box28
\maxbalancingoverflow=\dimen118
\mult@rightbox=\box29
\mult@grightbox=\box30
\mult@gfirstbox=\box31
\mult@firstbox=\box32
\@tempa=\box33
\@tempa=\box34
\@tempa=\box35
\@tempa=\box36
\@tempa=\box37
\@tempa=\box38
\@tempa=\box39
\@tempa=\box40
\@tempa=\box41
\@tempa=\box42
\@tempa=\box43
\@tempa=\box44
\@tempa=\box45
\@tempa=\box46
\@tempa=\box47
\@tempa=\box48
\@tempa=\box49
\c@columnbadness=\count97
\c@finalcolumnbadness=\count98
\last@try=\dimen119
\multicolovershoot=\dimen120
\multicolundershoot=\dimen121
\mult@nat@firstbox=\box50
\colbreak@box=\box51
\mc@col@check@num=\count99
)
(/usr/share/texlive/texmf-dist/tex/latex/overpic/overpic.sty
Package: overpic 2010/09/13 v0.53  Overwriting graphics

Package: overpic v0.53 <2010/09/13> (RN)
(/usr/share/texlive/texmf-dist/tex/latex/eepic/epic.sty
Enhancements to Picture Environment. Version 1.2 - Released June 1, 1986
\@@multicnt=\count100
\d@lta=\count101
\@delta=\dimen122
\@@delta=\dimen123
\@gridcnt=\count102
\@joinkind=\count103
\@dotgap=\dimen124
\@ddotgap=\dimen125
\@x@diff=\count104
\@y@diff=\count105
\x@diff=\dimen126
\y@diff=\dimen127
\@dotbox=\box52
\num@segments=\count106
\num@segmentsi=\count107
\@datafile=\read1
)
overpic: relative positioning in percent
) (/usr/share/texlive/texmf-dist/tex/latex/base/alltt.sty
Package: alltt 1997/06/16 v2.0g defines alltt environment
)
(/usr/share/texlive/texmf-dist/tex/latex/fancyvrb/fancyvrb.sty
Package: fancyvrb 2008/02/07

Style option: `fancyvrb' v2.7a, with DG/SPQR fixes, and firstline=lastline fix 
<2008/02/07> (tvz)
\FV@CodeLineNo=\count108
\FV@InFile=\read2
\FV@TabBox=\box53
\c@FancyVerbLine=\count109
\FV@StepNumber=\count110
\FV@OutFile=\write3
) (/usr/share/texlive/texmf-dist/tex/latex/natded/natded.sty
(/usr/share/texlive/texmf-dist/tex/latex/tools/calc.sty
Package: calc 2014/10/28 v4.3 Infix arithmetic (KKT,FJ)
\calc@Acount=\count111
\calc@Bcount=\count112
\calc@Adimen=\dimen128
\calc@Bdimen=\dimen129
\calc@Askip=\skip45
\calc@Bskip=\skip46
LaTeX Info: Redefining \setlength on input line 75.
LaTeX Info: Redefining \addtolength on input line 76.
\calc@Ccount=\count113
\calc@Cskip=\skip47
)
\negdepth@jaska=\skip48
\posdepth@jaska=\skip49
\lineheight@jaska=\skip50
\hmargin@jaska=\skip51
\vmargin@jaska=\skip52
\vextra@jaska=\skip53
\cmargin@jaska=\skip54
\borderwidth@jaska=\skip55
\nowidth@jaska=\skip56
\hhrulebase@jaska=\skip57
\stdepth@jaska=\skip58
\stwidth@jaska=\skip59
\arrayrowheight@jaska=\skip60
\guardspace@jaska=\skip61
\jguard@jaska=\skip62
\kmguard@jaska=\skip63
\templength@jaska=\skip64
\tempbox@jaska=\box54
LaTeX Font Info:    External font `cmex10' loaded for size
(Font)              <7> on input line 85.
LaTeX Font Info:    External font `cmex10' loaded for size
(Font)              <5> on input line 85.
\c@depth@jaskb=\count114
\c@jdepth@jaskb=\count115
\c@linecount@jaskb=\count116
\templength@jaskb=\skip65
\extrawin@jaskb=\skip66
\extrawout@jaskb=\skip67
\tempbox@jaskb=\box55
) (./chap02.aux)
\openout1 = `chap02.aux'.

LaTeX Font Info:    Checking defaults for OML/cmm/m/it on input line 46.
LaTeX Font Info:    ... okay on input line 46.
LaTeX Font Info:    Checking defaults for T1/cmr/m/n on input line 46.
LaTeX Font Info:    ... okay on input line 46.
LaTeX Font Info:    Checking defaults for OT1/cmr/m/n on input line 46.
LaTeX Font Info:    ... okay on input line 46.
LaTeX Font Info:    Checking defaults for OMS/cmsy/m/n on input line 46.
LaTeX Font Info:    ... okay on input line 46.
LaTeX Font Info:    Checking defaults for OMX/cmex/m/n on input line 46.
LaTeX Font Info:    ... okay on input line 46.
LaTeX Font Info:    Checking defaults for U/cmr/m/n on input line 46.
LaTeX Font Info:    ... okay on input line 46.

*geometry* driver: auto-detecting
*geometry* detected driver: pdftex
*geometry* verbose mode - [ preamble ] result:
* driver: pdftex
* paper: <default>
* layout: <same size as paper>
* layoutoffset:(h,v)=(0.0pt,0.0pt)
* modes: landscape 
* h-part:(L,W,R)=(36.135pt, 722.7pt, 36.135pt)
* v-part:(T,H,B)=(-72.26999pt, 686.56499pt, 0.0pt)
* \paperwidth=794.96999pt
* \paperheight=614.295pt
* \textwidth=722.7pt
* \textheight=686.56499pt
* \oddsidemargin=-36.135pt
* \evensidemargin=-36.135pt
* \topmargin=-181.53998pt
* \headheight=12.0pt
* \headsep=25.0pt
* \topskip=10.0pt
* \footskip=30.0pt
* \marginparwidth=65.0pt
* \marginparsep=11.0pt
* \columnsep=10.0pt
* \skip\footins=9.0pt plus 4.0pt minus 2.0pt
* \hoffset=0.0pt
* \voffset=0.0pt
* \mag=1000
* \@twocolumnfalse
* \@twosidefalse
* \@mparswitchfalse
* \@reversemarginfalse
* (1in=72.27pt=25.4mm, 1cm=28.453pt)

(/usr/share/texlive/texmf-dist/tex/context/base/supp-pdf.mkii
[Loading MPS to PDF converter (version 2006.09.02).]
\scratchcounter=\count117
\scratchdimen=\dimen130
\scratchbox=\box56
\nofMPsegments=\count118
\nofMParguments=\count119
\everyMPshowfont=\toks16
\MPscratchCnt=\count120
\MPscratchDim=\dimen131
\MPnumerator=\count121
\makeMPintoPDFobject=\count122
\everyMPtoPDFconversion=\toks17
) (/usr/share/texlive/texmf-dist/tex/generic/oberdiek/pdftexcmds.sty
Package: pdftexcmds 2011/11/29 v0.20 Utility functions of pdfTeX for LuaTeX (HO
)

(/usr/share/texlive/texmf-dist/tex/generic/oberdiek/ifluatex.sty
Package: ifluatex 2010/03/01 v1.3 Provides the ifluatex switch (HO)
Package ifluatex Info: LuaTeX not detected.
)
Package pdftexcmds Info: LuaTeX not detected.
Package pdftexcmds Info: \pdf@primitive is available.
Package pdftexcmds Info: \pdf@ifprimitive is available.
Package pdftexcmds Info: \pdfdraftmode found.
)
(/usr/share/texlive/texmf-dist/tex/latex/oberdiek/epstopdf-base.sty
Package: epstopdf-base 2010/02/09 v2.5 Base part for package epstopdf

(/usr/share/texlive/texmf-dist/tex/latex/oberdiek/grfext.sty
Package: grfext 2010/08/19 v1.1 Manage graphics extensions (HO)

(/usr/share/texlive/texmf-dist/tex/generic/oberdiek/kvdefinekeys.sty
Package: kvdefinekeys 2011/04/07 v1.3 Define keys (HO)
))
(/usr/share/texlive/texmf-dist/tex/latex/oberdiek/kvoptions.sty
Package: kvoptions 2011/06/30 v3.11 Key value format for package options (HO)

(/usr/share/texlive/texmf-dist/tex/generic/oberdiek/kvsetkeys.sty
Package: kvsetkeys 2012/04/25 v1.16 Key value parser (HO)

(/usr/share/texlive/texmf-dist/tex/generic/oberdiek/etexcmds.sty
Package: etexcmds 2011/02/16 v1.5 Avoid name clashes with e-TeX commands (HO)
Package etexcmds Info: Could not find \expanded.
(etexcmds)             That can mean that you are not using pdfTeX 1.50 or
(etexcmds)             that some package has redefined \expanded.
(etexcmds)             In the latter case, load this package earlier.
)))
Package grfext Info: Graphics extension search list:
(grfext)             [.png,.pdf,.jpg,.mps,.jpeg,.jbig2,.jb2,.PNG,.PDF,.JPG,.JPE
G,.JBIG2,.JB2,.eps]
(grfext)             \AppendGraphicsExtensions on input line 452.

(/usr/share/texlive/texmf-dist/tex/latex/latexconfig/epstopdf-sys.cfg
File: epstopdf-sys.cfg 2010/07/13 v1.3 Configuration of (r)epstopdf for TeX Liv
e
))
[1

{/var/lib/texmf/fonts/map/pdftex/updmap/pdftex.map}]
LaTeX Font Info:    Try loading font information for OMS+cmr on input line 59.

(/usr/share/texlive/texmf-dist/tex/latex/base/omscmr.fd
File: omscmr.fd 2014/09/29 v2.5h Standard LaTeX font definitions
)
LaTeX Font Info:    Font shape `OMS/cmr/m/n' in size <20.74> not available
(Font)              Font shape `OMS/cmsy/m/n' tried instead on input line 59.
LaTeX Font Info:    External font `cmex10' loaded for size
(Font)              <20.74> on input line 62.
LaTeX Font Info:    External font `cmex10' loaded for size
(Font)              <14.4> on input line 62.
LaTeX Font Info:    External font `cmex10' loaded for size
(Font)              <12> on input line 62.
 [2] [3] [4] [5]
[6] <chap02/p45_find_seq.pdf, id=29, 614.295pt x 794.97pt>
File: chap02/p45_find_seq.pdf Graphic file (type pdf)

<use chap02/p45_find_seq.pdf>
Package pdftex.def Info: chap02/p45_find_seq.pdf used on input line 154.
(pdftex.def)             Requested size: 921.44023pt x 1192.45209pt.

Overfull \hbox (195.48764pt too wide) in paragraph at lines 156--156
[][] 
 []


Overfull \vbox (505.88649pt too high) has occurred while \output is active []


[7 <./chap02/p45_find_seq.pdf>] [8]
<chap02/p46a_find_interfere.pdf, id=42, 614.295pt x 794.97pt>
File: chap02/p46a_find_interfere.pdf Graphic file (type pdf)

<use chap02/p46a_find_interfere.pdf>
Package pdftex.def Info: chap02/p46a_find_interfere.pdf used on input line 173.

(pdftex.def)             Requested size: 921.44023pt x 1192.45209pt.

Overfull \hbox (195.48764pt too wide) in paragraph at lines 174--174
[][] 
 []


Overfull \vbox (505.88649pt too high) has occurred while \output is active []


[9 <./chap02/p46a_find_interfere.pdf>]
<chap02/p46b_find_nothing.pdf, id=51, 614.295pt x 794.97pt>
File: chap02/p46b_find_nothing.pdf Graphic file (type pdf)

<use chap02/p46b_find_nothing.pdf>
Package pdftex.def Info: chap02/p46b_find_nothing.pdf used on input line 175.
(pdftex.def)             Requested size: 921.44023pt x 1192.45209pt.

Overfull \hbox (195.48764pt too wide) in paragraph at lines 176--176
[][] 
 []


Overfull \vbox (505.88649pt too high) has occurred while \output is active []


[10 <./chap02/p46b_find_nothing.pdf>]
<chap02/p46c_find_co_inside_while.pdf, id=60, 614.295pt x 794.97pt>
File: chap02/p46c_find_co_inside_while.pdf Graphic file (type pdf)

<use chap02/p46c_find_co_inside_while.pdf>
Package pdftex.def Info: chap02/p46c_find_co_inside_while.pdf used on input lin
e 177.
(pdftex.def)             Requested size: 921.44023pt x 1192.45209pt.

Overfull \hbox (195.48764pt too wide) in paragraph at lines 178--178
[][] 
 []


Overfull \vbox (505.88649pt too high) has occurred while \output is active []


[11 <./chap02/p46c_find_co_inside_while.pdf>]
<chap02/2_1.pdf, id=69, 614.295pt x 794.97pt>
File: chap02/2_1.pdf Graphic file (type pdf)
 <use chap02/2_1.pdf>
Package pdftex.def Info: chap02/2_1.pdf used on input line 179.
(pdftex.def)             Requested size: 921.44023pt x 1192.45209pt.

Overfull \hbox (195.48764pt too wide) in paragraph at lines 180--180
[][] 
 []


Overfull \vbox (505.88649pt too high) has occurred while \output is active []


[12 <./chap02/2_1.pdf>]
Overfull \hbox (58.23665pt too wide) in paragraph at lines 189--189
[]\OT1/cmtt/m/n/20.74 for [i = 0 to n-1] [] 
 []


Overfull \hbox (15.54683pt too wide) in paragraph at lines 190--190
[]  \OT1/cmtt/m/n/20.74 if (a[i] > m)[] 
 []

LaTeX Font Info:    Try loading font information for OMS+cmtt on input line 214
.
(/usr/share/texmf/tex/latex/R/tex/latex/omscmtt.fd
File: omscmtt.fd 
)
LaTeX Font Info:    Font shape `OMS/cmtt/m/n' in size <20.74> not available
(Font)              Font shape `OMS/cmsy/m/n' tried instead on input line 214.
 [13] [14] [15] [16]
[17] [18] [19] [20] [21] <chap02/2_2.pdf, id=109, 614.295pt x 794.97pt>
File: chap02/2_2.pdf Graphic file (type pdf)

<use chap02/2_2.pdf>
Package pdftex.def Info: chap02/2_2.pdf used on input line 386.
(pdftex.def)             Requested size: 921.44023pt x 1192.45209pt.

Overfull \hbox (195.48764pt too wide) in paragraph at lines 387--387
[][] 
 []


Overfull \vbox (505.88649pt too high) has occurred while \output is active []


[22 <./chap02/2_2.pdf>] [23]
LaTeX Font Info:    External font `cmex10' loaded for size
(Font)              <17.28> on input line 409.
 [24] [25] [26]
\mlevel0@jaskb=\count123
\plevel0@jaskb=\count124
\mlevel1@jaskb=\count125
\plevel1@jaskb=\count126
\blockwidth0@jaskb=\dimen132
\blockwidth1@jaskb=\dimen133
 [27]
\blockwidth2@jaskb=\dimen134
\mlevel2@jaskb=\count127
\plevel2@jaskb=\count128
 [28] [29] [30] [31] [32]
[33] [34] [35] [36] [37] [38] [39]
\blockwidth3@jaskb=\dimen135
\mlevel3@jaskb=\count129
\plevel3@jaskb=\count130
 [40] [41] [42] [43] [44] [45] [46] [47]
[48] [49] [50] [51] [52] <chap02/2_3.pdf, id=216, 614.295pt x 794.97pt>
File: chap02/2_3.pdf Graphic file (type pdf)

<use chap02/2_3.pdf>
Package pdftex.def Info: chap02/2_3.pdf used on input line 1036.
(pdftex.def)             Requested size: 921.44023pt x 1192.45209pt.

Overfull \hbox (195.48764pt too wide) in paragraph at lines 1037--1037
[][] 
 []


Overfull \vbox (505.88649pt too high) has occurred while \output is active []


[53 <./chap02/2_3.pdf>] [54] [55] [56] [57] [58] [59] [60]
Overfull \hbox (28.01012pt too wide) detected at line 1239
[]
 []

[61] [62]
Overfull \hbox (32.52396pt too wide) detected at line 1286
[]
 []

[63] [64] [65] <chap02/p63_await_co_rules.pdf, id=268, 614.295pt x 794.97pt>
File: chap02/p63_await_co_rules.pdf Graphic file (type pdf)

<use chap02/p63_await_co_rules.pdf>
Package pdftex.def Info: chap02/p63_await_co_rules.pdf used on input line 1326.

(pdftex.def)             Requested size: 921.44023pt x 1192.45209pt.

Overfull \hbox (195.48764pt too wide) in paragraph at lines 1327--1327
[][] 
 []


Overfull \vbox (505.88649pt too high) has occurred while \output is active []


[66 <./chap02/p63_await_co_rules.pdf>] [67] [68]
Underfull \hbox (badness 10000) in paragraph at lines 1382--1386
[]\OT1/cmr/m/n/20.74 Let \OT1/cmtt/m/n/20.74 a \OT1/cmr/m/n/20.74 be an as-sign
-ment ac-tion in one pro-cess and let $\OML/cmm/m/it/20.74 pre\OT1/cmr/m/n/20.7
4 (\OML/cmm/m/it/20.74 a\OT1/cmr/m/n/20.74 )$ be
 []


Underfull \hbox (badness 6658) in paragraph at lines 1382--1386
\OT1/cmr/m/n/20.74 its pre-con-di-tion. Let $\OML/cmm/m/it/20.74 C$ \OT1/cmr/m/
n/20.74 be a crit-i-cal as-ser-tion in an-other pro-cess.
 []


Underfull \hbox (badness 4341) in paragraph at lines 1382--1386
\OT1/cmr/m/n/20.74 Then \OT1/cmtt/m/n/20.74 a \OT1/cmr/bx/n/20.74 does not in-t
er-fere \OT1/cmr/m/n/20.74 with $\OML/cmm/m/it/20.74 C$ \OT1/cmr/m/n/20.74 if t
he fol-low-ing is a the-o-rem:
 []


Overfull \hbox (25.00003pt too wide) in paragraph at lines 1382--1386
[] 
 []

[69] [70] [71] [72] [73]
Overfull \hbox (25.00003pt too wide) in paragraph at lines 1485--1488
[]
 []

[74]
File: chap02/2_2.pdf Graphic file (type pdf)
 <use chap02/2_2.pdf>
Package pdftex.def Info: chap02/2_2.pdf used on input line 1492.
(pdftex.def)             Requested size: 921.44023pt x 1192.45209pt.

Overfull \hbox (195.48764pt too wide) in paragraph at lines 1493--1493
[][] 
 []


Overfull \vbox (505.88649pt too high) has occurred while \output is active []


[75] <chap02/2_4.pdf, id=309, 614.295pt x 794.97pt>
File: chap02/2_4.pdf Graphic file (type pdf)
 <use chap02/2_4.pdf>
Package pdftex.def Info: chap02/2_4.pdf used on input line 1495.
(pdftex.def)             Requested size: 767.86685pt x 993.71007pt.

Overfull \hbox (42.45578pt too wide) in paragraph at lines 1496--1496
[][] 
 []


Overfull \vbox (307.14381pt too high) has occurred while \output is active []


[76 <./chap02/2_4.pdf>] [77] [78] [79] [80]
File: chap02/2_4.pdf Graphic file (type pdf)
 <use chap02/2_4.pdf>
Package pdftex.def Info: chap02/2_4.pdf used on input line 1558.
(pdftex.def)             Requested size: 767.86685pt x 993.71007pt.

Overfull \hbox (42.45578pt too wide) in paragraph at lines 1561--1561
[][] 
 []


Overfull \vbox (307.14381pt too high) has occurred while \output is active []


[81] [82] [83] [84] [85] [86]
File: chap02/2_4.pdf Graphic file (type pdf)
 <use chap02/2_4.pdf>
Package pdftex.def Info: chap02/2_4.pdf used on input line 1660.
(pdftex.def)             Requested size: 767.86685pt x 993.71007pt.

Overfull \hbox (42.45578pt too wide) in paragraph at lines 1661--1661
[][] 
 []

[87]
Overfull \vbox (307.14381pt too high) has occurred while \output is active []


[88] [89] (./chap02.aux) ) 
Here is how much of TeX's memory you used:
 2870 strings out of 494977
 42046 string characters out of 6180183
 122409 words of memory out of 5000000
 6055 multiletter control sequences out of 15000+600000
 8286 words of font info for 30 fonts, out of 8000000 for 9000
 36 hyphenation exceptions out of 8191
 37i,14n,70p,235b,297s stack positions out of 5000i,500n,10000p,200000b,80000s
</usr/share/texlive/texmf-dist/fonts/type1/public/ams
fonts/cm/cmbx12.pfb></usr/share/texlive/texmf-dist/fonts/type1/public/amsfonts/
cm/cmmi12.pfb></usr/share/texlive/texmf-dist/fonts/type1/public/amsfonts/cm/cmr
10.pfb></usr/share/texlive/texmf-dist/fonts/type1/public/amsfonts/cm/cmr12.pfb>
</usr/share/texlive/texmf-dist/fonts/type1/public/amsfonts/cm/cmr17.pfb></usr/s
hare/texlive/texmf-dist/fonts/type1/public/amsfonts/cm/cmsy10.pfb></usr/share/t
exlive/texmf-dist/fonts/type1/public/amsfonts/cm/cmti12.pfb></usr/share/texlive
/texmf-dist/fonts/type1/public/amsfonts/cm/cmtt12.pfb>
Output written on chap02.pdf (89 pages, 178725 bytes).
PDF statistics:
 392 PDF objects out of 1000 (max. 8388607)
 281 compressed objects within 3 object streams
 0 named destinations out of 1000 (max. 500000)
 46 words of extra memory for PDF output out of 10000 (max. 10000000)

