This is pdfTeX, Version 3.14159265-2.6-1.40.15 (TeX Live 2015/dev/Debian) (preloaded format=pdflatex 2015.6.12)  24 FEB 2016 10:41
entering extended mode
 restricted \write18 enabled.
 %&-line parsing enabled.
**chap08
(./chap08.tex
LaTeX2e <2014/05/01>
Babel <3.9l> and hyphenation patterns for 4 languages loaded.
(/usr/share/texlive/texmf-dist/tex/latex/base/article.cls
Document Class: article 2014/09/29 v1.4h Standard LaTeX document class
(/usr/share/texlive/texmf-dist/tex/latex/base/size10.clo
File: size10.clo 2014/09/29 v1.4h Standard LaTeX file (size option)
)
\c@part=\count79
\c@section=\count80
\c@subsection=\count81
\c@subsubsection=\count82
\c@paragraph=\count83
\c@subparagraph=\count84
\c@figure=\count85
\c@table=\count86
\abovecaptionskip=\skip41
\belowcaptionskip=\skip42
\bibindent=\dimen102
)
(/usr/share/texlive/texmf-dist/tex/latex/geometry/geometry.sty
Package: geometry 2010/09/12 v5.6 Page Geometry

(/usr/share/texlive/texmf-dist/tex/latex/graphics/keyval.sty
Package: keyval 2014/05/08 v1.15 key=value parser (DPC)
\KV@toks@=\toks14
)
(/usr/share/texlive/texmf-dist/tex/generic/oberdiek/ifpdf.sty
Package: ifpdf 2011/01/30 v2.3 Provides the ifpdf switch (HO)
Package ifpdf Info: pdfTeX in PDF mode is detected.
)
(/usr/share/texlive/texmf-dist/tex/generic/oberdiek/ifvtex.sty
Package: ifvtex 2010/03/01 v1.5 Detect VTeX and its facilities (HO)
Package ifvtex Info: VTeX not detected.
)
(/usr/share/texlive/texmf-dist/tex/generic/ifxetex/ifxetex.sty
Package: ifxetex 2010/09/12 v0.6 Provides ifxetex conditional
)
\Gm@cnth=\count87
\Gm@cntv=\count88
\c@Gm@tempcnt=\count89
\Gm@bindingoffset=\dimen103
\Gm@wd@mp=\dimen104
\Gm@odd@mp=\dimen105
\Gm@even@mp=\dimen106
\Gm@layoutwidth=\dimen107
\Gm@layoutheight=\dimen108
\Gm@layouthoffset=\dimen109
\Gm@layoutvoffset=\dimen110
\Gm@dimlist=\toks15
)
(/usr/share/texlive/texmf-dist/tex/latex/graphics/graphicx.sty
Package: graphicx 2014/04/25 v1.0g Enhanced LaTeX Graphics (DPC,SPQR)

(/usr/share/texlive/texmf-dist/tex/latex/graphics/graphics.sty
Package: graphics 2009/02/05 v1.0o Standard LaTeX Graphics (DPC,SPQR)

(/usr/share/texlive/texmf-dist/tex/latex/graphics/trig.sty
Package: trig 1999/03/16 v1.09 sin cos tan (DPC)
)
(/usr/share/texlive/texmf-dist/tex/latex/latexconfig/graphics.cfg
File: graphics.cfg 2010/04/23 v1.9 graphics configuration of TeX Live
)
Package graphics Info: Driver file: pdftex.def on input line 91.

(/usr/share/texlive/texmf-dist/tex/latex/pdftex-def/pdftex.def
File: pdftex.def 2011/05/27 v0.06d Graphics/color for pdfTeX

(/usr/share/texlive/texmf-dist/tex/generic/oberdiek/infwarerr.sty
Package: infwarerr 2010/04/08 v1.3 Providing info/warning/error messages (HO)
)
(/usr/share/texlive/texmf-dist/tex/generic/oberdiek/ltxcmds.sty
Package: ltxcmds 2011/11/09 v1.22 LaTeX kernel commands for general use (HO)
)
\Gread@gobject=\count90
))
\Gin@req@height=\dimen111
\Gin@req@width=\dimen112
)
(/usr/share/texlive/texmf-dist/tex/latex/tools/multicol.sty
Package: multicol 2014/10/28 v1.8i multicolumn formatting (FMi)
\c@tracingmulticols=\count91
\mult@box=\box26
\multicol@leftmargin=\dimen113
\c@unbalance=\count92
\c@collectmore=\count93
\doublecol@number=\count94
\multicoltolerance=\count95
\multicolpretolerance=\count96
\full@width=\dimen114
\page@free=\dimen115
\premulticols=\dimen116
\postmulticols=\dimen117
\multicolsep=\skip43
\multicolbaselineskip=\skip44
\partial@page=\box27
\last@line=\box28
\maxbalancingoverflow=\dimen118
\mult@rightbox=\box29
\mult@grightbox=\box30
\mult@gfirstbox=\box31
\mult@firstbox=\box32
\@tempa=\box33
\@tempa=\box34
\@tempa=\box35
\@tempa=\box36
\@tempa=\box37
\@tempa=\box38
\@tempa=\box39
\@tempa=\box40
\@tempa=\box41
\@tempa=\box42
\@tempa=\box43
\@tempa=\box44
\@tempa=\box45
\@tempa=\box46
\@tempa=\box47
\@tempa=\box48
\@tempa=\box49
\c@columnbadness=\count97
\c@finalcolumnbadness=\count98
\last@try=\dimen119
\multicolovershoot=\dimen120
\multicolundershoot=\dimen121
\mult@nat@firstbox=\box50
\colbreak@box=\box51
\mc@col@check@num=\count99
)
(/usr/share/texlive/texmf-dist/tex/latex/overpic/overpic.sty
Package: overpic 2010/09/13 v0.53  Overwriting graphics

Package: overpic v0.53 <2010/09/13> (RN)
(/usr/share/texlive/texmf-dist/tex/latex/eepic/epic.sty
Enhancements to Picture Environment. Version 1.2 - Released June 1, 1986
\@@multicnt=\count100
\d@lta=\count101
\@delta=\dimen122
\@@delta=\dimen123
\@gridcnt=\count102
\@joinkind=\count103
\@dotgap=\dimen124
\@ddotgap=\dimen125
\@x@diff=\count104
\@y@diff=\count105
\x@diff=\dimen126
\y@diff=\dimen127
\@dotbox=\box52
\num@segments=\count106
\num@segmentsi=\count107
\@datafile=\read1
)
overpic: relative positioning in percent
) (/usr/share/texlive/texmf-dist/tex/latex/hyperref/hyperref.sty
Package: hyperref 2012/11/06 v6.83m Hypertext links for LaTeX

(/usr/share/texlive/texmf-dist/tex/generic/oberdiek/hobsub-hyperref.sty
Package: hobsub-hyperref 2012/05/28 v1.13 Bundle oberdiek, subset hyperref (HO)


(/usr/share/texlive/texmf-dist/tex/generic/oberdiek/hobsub-generic.sty
Package: hobsub-generic 2012/05/28 v1.13 Bundle oberdiek, subset generic (HO)
Package: hobsub 2012/05/28 v1.13 Construct package bundles (HO)
Package hobsub Info: Skipping package `infwarerr' (already loaded).
Package hobsub Info: Skipping package `ltxcmds' (already loaded).
Package: ifluatex 2010/03/01 v1.3 Provides the ifluatex switch (HO)
Package ifluatex Info: LuaTeX not detected.
Package hobsub Info: Skipping package `ifvtex' (already loaded).
Package: intcalc 2007/09/27 v1.1 Expandable calculations with integers (HO)
Package hobsub Info: Skipping package `ifpdf' (already loaded).
Package: etexcmds 2011/02/16 v1.5 Avoid name clashes with e-TeX commands (HO)
Package etexcmds Info: Could not find \expanded.
(etexcmds)             That can mean that you are not using pdfTeX 1.50 or
(etexcmds)             that some package has redefined \expanded.
(etexcmds)             In the latter case, load this package earlier.
Package: kvsetkeys 2012/04/25 v1.16 Key value parser (HO)
Package: kvdefinekeys 2011/04/07 v1.3 Define keys (HO)
Package: pdftexcmds 2011/11/29 v0.20 Utility functions of pdfTeX for LuaTeX (HO
)
Package pdftexcmds Info: LuaTeX not detected.
Package pdftexcmds Info: \pdf@primitive is available.
Package pdftexcmds Info: \pdf@ifprimitive is available.
Package pdftexcmds Info: \pdfdraftmode found.
Package: pdfescape 2011/11/25 v1.13 Implements pdfTeX's escape features (HO)
Package: bigintcalc 2012/04/08 v1.3 Expandable calculations on big integers (HO
)
Package: bitset 2011/01/30 v1.1 Handle bit-vector datatype (HO)
Package: uniquecounter 2011/01/30 v1.2 Provide unlimited unique counter (HO)
)
Package hobsub Info: Skipping package `hobsub' (already loaded).
Package: letltxmacro 2010/09/02 v1.4 Let assignment for LaTeX macros (HO)
Package: hopatch 2012/05/28 v1.2 Wrapper for package hooks (HO)
Package: xcolor-patch 2011/01/30 xcolor patch
Package: atveryend 2011/06/30 v1.8 Hooks at the very end of document (HO)
Package atveryend Info: \enddocument detected (standard20110627).
Package: atbegshi 2011/10/05 v1.16 At begin shipout hook (HO)
Package: refcount 2011/10/16 v3.4 Data extraction from label references (HO)
Package: hycolor 2011/01/30 v1.7 Color options for hyperref/bookmark (HO)
)
(/usr/share/texlive/texmf-dist/tex/latex/oberdiek/auxhook.sty
Package: auxhook 2011/03/04 v1.3 Hooks for auxiliary files (HO)
)
(/usr/share/texlive/texmf-dist/tex/latex/oberdiek/kvoptions.sty
Package: kvoptions 2011/06/30 v3.11 Key value format for package options (HO)
)
\@linkdim=\dimen128
\Hy@linkcounter=\count108
\Hy@pagecounter=\count109

(/usr/share/texlive/texmf-dist/tex/latex/hyperref/pd1enc.def
File: pd1enc.def 2012/11/06 v6.83m Hyperref: PDFDocEncoding definition (HO)
)
\Hy@SavedSpaceFactor=\count110

(/usr/share/texlive/texmf-dist/tex/latex/latexconfig/hyperref.cfg
File: hyperref.cfg 2002/06/06 v1.2 hyperref configuration of TeXLive
)
Package hyperref Info: Hyper figures OFF on input line 4443.
Package hyperref Info: Link nesting OFF on input line 4448.
Package hyperref Info: Hyper index ON on input line 4451.
Package hyperref Info: Plain pages OFF on input line 4458.
Package hyperref Info: Backreferencing OFF on input line 4463.
Package hyperref Info: Implicit mode ON; LaTeX internals redefined.
Package hyperref Info: Bookmarks ON on input line 4688.
\c@Hy@tempcnt=\count111

(/usr/share/texlive/texmf-dist/tex/latex/url/url.sty
\Urlmuskip=\muskip10
Package: url 2013/09/16  ver 3.4  Verb mode for urls, etc.
)
LaTeX Info: Redefining \url on input line 5041.
\XeTeXLinkMargin=\dimen129
\Fld@menulength=\count112
\Field@Width=\dimen130
\Fld@charsize=\dimen131
Package hyperref Info: Hyper figures OFF on input line 6295.
Package hyperref Info: Link nesting OFF on input line 6300.
Package hyperref Info: Hyper index ON on input line 6303.
Package hyperref Info: backreferencing OFF on input line 6310.
Package hyperref Info: Link coloring OFF on input line 6315.
Package hyperref Info: Link coloring with OCG OFF on input line 6320.
Package hyperref Info: PDF/A mode OFF on input line 6325.
LaTeX Info: Redefining \ref on input line 6365.
LaTeX Info: Redefining \pageref on input line 6369.
\Hy@abspage=\count113
\c@Item=\count114
\c@Hfootnote=\count115
)

Package hyperref Message: Driver (autodetected): hpdftex.

(/usr/share/texlive/texmf-dist/tex/latex/hyperref/hpdftex.def
File: hpdftex.def 2012/11/06 v6.83m Hyperref driver for pdfTeX
\Fld@listcount=\count116
\c@bookmark@seq@number=\count117

(/usr/share/texlive/texmf-dist/tex/latex/oberdiek/rerunfilecheck.sty
Package: rerunfilecheck 2011/04/15 v1.7 Rerun checks for auxiliary files (HO)
Package uniquecounter Info: New unique counter `rerunfilecheck' on input line 2
82.
)
\Hy@SectionHShift=\skip45
)
(/usr/share/texlive/texmf-dist/tex/latex/fancyvrb/fancyvrb.sty
Package: fancyvrb 2008/02/07

Style option: `fancyvrb' v2.7a, with DG/SPQR fixes, and firstline=lastline fix 
<2008/02/07> (tvz)
\FV@CodeLineNo=\count118
\FV@InFile=\read2
\FV@TabBox=\box53
\c@FancyVerbLine=\count119
\FV@StepNumber=\count120
\FV@OutFile=\write3
) (./chap08.aux)
\openout1 = `chap08.aux'.

LaTeX Font Info:    Checking defaults for OML/cmm/m/it on input line 42.
LaTeX Font Info:    ... okay on input line 42.
LaTeX Font Info:    Checking defaults for T1/cmr/m/n on input line 42.
LaTeX Font Info:    ... okay on input line 42.
LaTeX Font Info:    Checking defaults for OT1/cmr/m/n on input line 42.
LaTeX Font Info:    ... okay on input line 42.
LaTeX Font Info:    Checking defaults for OMS/cmsy/m/n on input line 42.
LaTeX Font Info:    ... okay on input line 42.
LaTeX Font Info:    Checking defaults for OMX/cmex/m/n on input line 42.
LaTeX Font Info:    ... okay on input line 42.
LaTeX Font Info:    Checking defaults for U/cmr/m/n on input line 42.
LaTeX Font Info:    ... okay on input line 42.
LaTeX Font Info:    Checking defaults for PD1/pdf/m/n on input line 42.
LaTeX Font Info:    ... okay on input line 42.

*geometry* driver: auto-detecting
*geometry* detected driver: pdftex
*geometry* verbose mode - [ preamble ] result:
* driver: pdftex
* paper: <default>
* layout: <same size as paper>
* layoutoffset:(h,v)=(0.0pt,0.0pt)
* modes: landscape 
* h-part:(L,W,R)=(36.135pt, 722.7pt, 36.135pt)
* v-part:(T,H,B)=(-72.26999pt, 686.56499pt, 0.0pt)
* \paperwidth=794.96999pt
* \paperheight=614.295pt
* \textwidth=722.7pt
* \textheight=686.56499pt
* \oddsidemargin=-36.135pt
* \evensidemargin=-36.135pt
* \topmargin=-181.53998pt
* \headheight=12.0pt
* \headsep=25.0pt
* \topskip=10.0pt
* \footskip=30.0pt
* \marginparwidth=65.0pt
* \marginparsep=11.0pt
* \columnsep=10.0pt
* \skip\footins=9.0pt plus 4.0pt minus 2.0pt
* \hoffset=0.0pt
* \voffset=0.0pt
* \mag=1000
* \@twocolumnfalse
* \@twosidefalse
* \@mparswitchfalse
* \@reversemarginfalse
* (1in=72.27pt=25.4mm, 1cm=28.453pt)

(/usr/share/texlive/texmf-dist/tex/context/base/supp-pdf.mkii
[Loading MPS to PDF converter (version 2006.09.02).]
\scratchcounter=\count121
\scratchdimen=\dimen132
\scratchbox=\box54
\nofMPsegments=\count122
\nofMParguments=\count123
\everyMPshowfont=\toks16
\MPscratchCnt=\count124
\MPscratchDim=\dimen133
\MPnumerator=\count125
\makeMPintoPDFobject=\count126
\everyMPtoPDFconversion=\toks17
) (/usr/share/texlive/texmf-dist/tex/latex/oberdiek/epstopdf-base.sty
Package: epstopdf-base 2010/02/09 v2.5 Base part for package epstopdf

(/usr/share/texlive/texmf-dist/tex/latex/oberdiek/grfext.sty
Package: grfext 2010/08/19 v1.1 Manage graphics extensions (HO)
)
Package grfext Info: Graphics extension search list:
(grfext)             [.png,.pdf,.jpg,.mps,.jpeg,.jbig2,.jb2,.PNG,.PDF,.JPG,.JPE
G,.JBIG2,.JB2,.eps]
(grfext)             \AppendGraphicsExtensions on input line 452.

(/usr/share/texlive/texmf-dist/tex/latex/latexconfig/epstopdf-sys.cfg
File: epstopdf-sys.cfg 2010/07/13 v1.3 Configuration of (r)epstopdf for TeX Liv
e
))
\AtBeginShipoutBox=\box55
Package hyperref Info: Link coloring OFF on input line 42.

(/usr/share/texlive/texmf-dist/tex/latex/hyperref/nameref.sty
Package: nameref 2012/10/27 v2.43 Cross-referencing by name of section

(/usr/share/texlive/texmf-dist/tex/generic/oberdiek/gettitlestring.sty
Package: gettitlestring 2010/12/03 v1.4 Cleanup title references (HO)
)
\c@section@level=\count127
)
LaTeX Info: Redefining \ref on input line 42.
LaTeX Info: Redefining \pageref on input line 42.
LaTeX Info: Redefining \nameref on input line 42.

(./chap08.out) (./chap08.out)
\@outlinefile=\write4
\openout4 = `chap08.out'.

LaTeX Font Info:    Try loading font information for OMS+cmss on input line 50.

LaTeX Font Info:    No file OMScmss.fd. on input line 50.


LaTeX Font Warning: Font shape `OMS/cmss/m/n' undefined
(Font)              using `OMS/cmsy/m/n' instead
(Font)              for symbol `textbullet' on input line 50.

[1

{/var/lib/texmf/fonts/map/pdftex/updmap/pdftex.map}]
<figures/rpc.png, id=13, 694.595pt x 1108.14pt>
File: figures/rpc.png Graphic file (type png)
 <use figures/rpc.png>
Package pdftex.def Info: figures/rpc.png used on input line 79.
(pdftex.def)             Requested size: 277.83307pt x 443.24815pt.

<figures/rendezvous.png, id=14, 694.595pt x 1112.155pt>
File: figures/rendezvous.png Graphic file (type png)

<use figures/rendezvous.png>
Package pdftex.def Info: figures/rendezvous.png used on input line 80.
(pdftex.def)             Requested size: 277.83307pt x 444.85413pt.
 [2 <./figures/rpc.png> <./figures/rendezvous.png>]

LaTeX Font Warning: Font shape `OT1/cmss/m/it' in size <20.74> not available
(Font)              Font shape `OT1/cmss/m/sl' tried instead on input line 99.

[3] [4]
File: figures/rpc.png Graphic file (type png)
 <use figures/rpc.png>
Package pdftex.def Info: figures/rpc.png used on input line 152.
(pdftex.def)             Requested size: 277.83307pt x 443.24815pt.
 [5] [6]
<figures/8_1.pdf, id=39, 614.295pt x 794.97pt>
File: figures/8_1.pdf Graphic file (type pdf)
 <use figures/8_1.pdf>
Package pdftex.def Info: figures/8_1.pdf used on input line 179.
(pdftex.def)             Requested size: 767.86685pt x 993.71007pt.

Overfull \hbox (42.45578pt too wide) in paragraph at lines 180--181
[][] 
 []


Overfull \vbox (307.14381pt too high) has occurred while \output is active []


[7 <./figures/8_1.pdf>] <figures/8_2a.pdf, id=51, 614.295pt x 794.97pt>
File: figures/8_2a.pdf Graphic file (type pdf)

<use figures/8_2a.pdf>
Package pdftex.def Info: figures/8_2a.pdf used on input line 181.
(pdftex.def)             Requested size: 921.44023pt x 1192.45209pt.

Overfull \hbox (195.48764pt too wide) in paragraph at lines 182--183
[][] 
 []


Overfull \vbox (505.88649pt too high) has occurred while \output is active []


[8 <./figures/8_2a.pdf>] <figures/8_2b.pdf, id=63, 614.295pt x 794.97pt>
File: figures/8_2b.pdf Graphic file (type pdf)

<use figures/8_2b.pdf>
Package pdftex.def Info: figures/8_2b.pdf used on input line 183.
(pdftex.def)             Requested size: 798.5834pt x 1033.4609pt.

Overfull \hbox (73.0638pt too wide) in paragraph at lines 184--185
[][] 
 []


Overfull \vbox (346.89449pt too high) has occurred while \output is active []


[9 <./figures/8_2b.pdf>] <figures/8_3.pdf, id=75, 614.295pt x 794.97pt>
File: figures/8_3.pdf Graphic file (type pdf)

<use figures/8_3.pdf>
Package pdftex.def Info: figures/8_3.pdf used on input line 185.
(pdftex.def)             Requested size: 737.1503pt x 953.95924pt.

Overfull \hbox (11.84776pt too wide) in paragraph at lines 186--187
[][] 
 []


Overfull \vbox (267.39314pt too high) has occurred while \output is active []


[10 <./figures/8_3.pdf>] <figures/8_4.pdf, id=87, 614.295pt x 794.97pt>
File: figures/8_4.pdf Graphic file (type pdf)

<use figures/8_4.pdf>
Package pdftex.def Info: figures/8_4.pdf used on input line 187.
(pdftex.def)             Requested size: 921.44023pt x 1192.45209pt.

Overfull \hbox (195.48764pt too wide) in paragraph at lines 188--189
[][] 
 []


Overfull \vbox (505.88649pt too high) has occurred while \output is active []


[11 <./figures/8_4.pdf>]
Underfull \hbox (badness 6016) in paragraph at lines 193--194
[]\OT1/cmss/m/n/20.74 Rendezvous com-bines com-mu-ni-ca-tion
 []

File: figures/rendezvous.png Graphic file (type png)
<use figures/rendezvous.png>
Package pdftex.def Info: figures/rendezvous.png used on input line 202.
(pdftex.def)             Requested size: 277.83307pt x 444.85413pt.
 [12] [13] [14]
<figures/8_5.pdf, id=113, 614.295pt x 794.97pt>
File: figures/8_5.pdf Graphic file (type pdf)
 <use figures/8_5.pdf>
Package pdftex.def Info: figures/8_5.pdf used on input line 252.
(pdftex.def)             Requested size: 921.44023pt x 1192.45209pt.

Overfull \hbox (195.48764pt too wide) in paragraph at lines 253--254
[][] 
 []


Overfull \vbox (505.88649pt too high) has occurred while \output is active []


[15 <./figures/8_5.pdf>] <figures/8_6.pdf, id=124, 614.295pt x 794.97pt>
File: figures/8_6.pdf Graphic file (type pdf)

<use figures/8_6.pdf>
Package pdftex.def Info: figures/8_6.pdf used on input line 254.
(pdftex.def)             Requested size: 921.44023pt x 1192.45209pt.

Overfull \hbox (195.48764pt too wide) in paragraph at lines 255--256
[][] 
 []


Overfull \vbox (505.88649pt too high) has occurred while \output is active []


[16 <./figures/8_6.pdf>] <figures/8_7.pdf, id=135, 614.295pt x 794.97pt>
File: figures/8_7.pdf Graphic file (type pdf)

<use figures/8_7.pdf>
Package pdftex.def Info: figures/8_7.pdf used on input line 256.
(pdftex.def)             Requested size: 921.44023pt x 1192.45209pt.

Overfull \hbox (195.48764pt too wide) in paragraph at lines 257--258
[][] 
 []


Overfull \vbox (505.88649pt too high) has occurred while \output is active []


[17 <./figures/8_7.pdf>] <figures/8_8.pdf, id=147, 614.295pt x 794.97pt>
File: figures/8_8.pdf Graphic file (type pdf)

<use figures/8_8.pdf>
Package pdftex.def Info: figures/8_8.pdf used on input line 258.
(pdftex.def)             Requested size: 921.44023pt x 1192.45209pt.

Overfull \hbox (195.48764pt too wide) in paragraph at lines 259--260
[][] 
 []


Overfull \vbox (505.88649pt too high) has occurred while \output is active []


[18 <./figures/8_8.pdf>] <figures/8_9.pdf, id=158, 614.295pt x 794.97pt>
File: figures/8_9.pdf Graphic file (type pdf)

<use figures/8_9.pdf>
Package pdftex.def Info: figures/8_9.pdf used on input line 260.
(pdftex.def)             Requested size: 921.44023pt x 1192.45209pt.

Overfull \hbox (195.48764pt too wide) in paragraph at lines 261--262
[][] 
 []


Overfull \vbox (505.88649pt too high) has occurred while \output is active []


[19 <./figures/8_9.pdf>] <figures/8_10.pdf, id=171, 614.295pt x 794.97pt>
File: figures/8_10.pdf Graphic file (type pdf)

<use figures/8_10.pdf>
Package pdftex.def Info: figures/8_10.pdf used on input line 262.
(pdftex.def)             Requested size: 921.44023pt x 1192.45209pt.

Overfull \hbox (195.48764pt too wide) in paragraph at lines 263--264
[][] 
 []


Overfull \vbox (505.88649pt too high) has occurred while \output is active []


[20 <./figures/8_10.pdf>]
LaTeX Font Info:    Try loading font information for OMS+cmr on input line 265.


(/usr/share/texlive/texmf-dist/tex/latex/base/omscmr.fd
File: omscmr.fd 2014/09/29 v2.5h Standard LaTeX font definitions
)
LaTeX Font Info:    Font shape `OMS/cmr/bx/n' in size <20.74> not available
(Font)              Font shape `OMS/cmsy/b/n' tried instead on input line 265.
 [21]
<figures/8_16.pdf, id=187, page=1, 614.295pt x 794.97pt>
File: figures/8_16.pdf Graphic file (type pdf)

<use figures/8_16.pdf, page 1>
Package pdftex.def Info: figures/8_16.pdf, page1 used on input line 283.
(pdftex.def)             Requested size: 614.29349pt x 794.96806pt.
LaTeX Font Info:    External font `cmex10' loaded for size
(Font)              <20.74> on input line 284.
LaTeX Font Info:    External font `cmex10' loaded for size
(Font)              <14.4> on input line 284.
LaTeX Font Info:    External font `cmex10' loaded for size
(Font)              <12> on input line 284.

Overfull \vbox (108.40266pt too high) has occurred while \output is active []


[22 <./figures/8_16.pdf>]
<figures/8_16.pdf, id=194, page=2, 614.295pt x 794.97pt>
File: figures/8_16.pdf Graphic file (type pdf)

<use figures/8_16.pdf, page 2>
Package pdftex.def Info: figures/8_16.pdf, page2 used on input line 286.
(pdftex.def)             Requested size: 614.29349pt x 794.96806pt.

Overfull \vbox (108.40266pt too high) has occurred while \output is active []


[23 <./figures/8_16.pdf>] [24]
<figures/ada_tasks.pdf, id=210, 614.295pt x 794.97pt>
File: figures/ada_tasks.pdf Graphic file (type pdf)

<use figures/ada_tasks.pdf>
Package pdftex.def Info: figures/ada_tasks.pdf used on input line 294.
(pdftex.def)             Requested size: 921.44023pt x 1192.45209pt.

Overfull \hbox (195.48764pt too wide) in paragraph at lines 295--296
[][] 
 []


Overfull \vbox (505.88649pt too high) has occurred while \output is active []


[25 <./figures/ada_tasks.pdf>]
<figures/ada_accept_select.pdf, id=221, 614.295pt x 794.97pt>
File: figures/ada_accept_select.pdf Graphic file (type pdf)

<use figures/ada_accept_select.pdf>
Package pdftex.def Info: figures/ada_accept_select.pdf used on input line 297.
(pdftex.def)             Requested size: 921.44023pt x 1192.45209pt.

Overfull \hbox (195.48764pt too wide) in paragraph at lines 298--299
[][] 
 []


Overfull \vbox (505.88649pt too high) has occurred while \output is active []


[26 <./figures/ada_accept_select.pdf>]
<figures/ada_protected_types.pdf, id=231, 614.295pt x 794.97pt>
File: figures/ada_protected_types.pdf Graphic file (type pdf)

<use figures/ada_protected_types.pdf>
Package pdftex.def Info: figures/ada_protected_types.pdf used on input line 300
.
(pdftex.def)             Requested size: 921.44023pt x 1192.45209pt.

Overfull \hbox (195.48764pt too wide) in paragraph at lines 305--306
[][] 
 []


Overfull \vbox (505.88649pt too high) has occurred while \output is active []


[27 <./figures/ada_protected_types.pdf>]
<figures/8_17.pdf, id=241, 614.295pt x 794.97pt>
File: figures/8_17.pdf Graphic file (type pdf)
 <use figures/8_17.pdf>
Package pdftex.def Info: figures/8_17.pdf used on input line 308.
(pdftex.def)             Requested size: 921.44023pt x 1192.45209pt.

Overfull \hbox (195.48764pt too wide) in paragraph at lines 313--314
[][] 
 []


Overfull \vbox (505.88649pt too high) has occurred while \output is active []


[28 <./figures/8_17.pdf>] <figures/8_18.pdf, id=252, 614.295pt x 794.97pt>
File: figures/8_18.pdf Graphic file (type pdf)

<use figures/8_18.pdf>
Package pdftex.def Info: figures/8_18.pdf used on input line 315.
(pdftex.def)             Requested size: 798.5834pt x 1033.4609pt.

Overfull \hbox (73.0638pt too wide) in paragraph at lines 316--317
[][] 
 []


Overfull \vbox (346.89449pt too high) has occurred while \output is active []


[29 <./figures/8_18.pdf>] <figures/8_19.pdf, id=263, 614.295pt x 794.97pt>
File: figures/8_19.pdf Graphic file (type pdf)

<use figures/8_19.pdf>
Package pdftex.def Info: figures/8_19.pdf used on input line 317.
(pdftex.def)             Requested size: 737.1503pt x 953.95924pt.

Overfull \hbox (11.84776pt too wide) in paragraph at lines 318--319
[][] 
 []


Overfull \vbox (267.39314pt too high) has occurred while \output is active []


[30 <./figures/8_19.pdf>]
File: figures/8_6.pdf Graphic file (type pdf)
 <use figures/8_6.pdf>
Package pdftex.def Info: figures/8_6.pdf used on input line 320.
(pdftex.def)             Requested size: 921.44023pt x 1192.45209pt.

Overfull \hbox (195.48764pt too wide) in paragraph at lines 321--322
[][] 
 []


Overfull \vbox (505.88649pt too high) has occurred while \output is active []


[31]
Package atveryend Info: Empty hook `BeforeClearDocument' on input line 335.
 [32]
Package atveryend Info: Empty hook `AfterLastShipout' on input line 335.
 (./chap08.aux)
Package atveryend Info: Executing hook `AtVeryEndDocument' on input line 335.
Package atveryend Info: Executing hook `AtEndAfterFileList' on input line 335.
Package rerunfilecheck Info: File `chap08.out' has not changed.
(rerunfilecheck)             Checksum: D41D8CD98F00B204E9800998ECF8427E;0.


LaTeX Font Warning: Some font shapes were not available, defaults substituted.

Package atveryend Info: Empty hook `AtVeryVeryEnd' on input line 335.
 ) 
Here is how much of TeX's memory you used:
 6264 strings out of 494977
 93447 string characters out of 6180183
 183217 words of memory out of 5000000
 9387 multiletter control sequences out of 15000+600000
 8908 words of font info for 32 fonts, out of 8000000 for 9000
 36 hyphenation exceptions out of 8191
 29i,5n,23p,235b,309s stack positions out of 5000i,500n,10000p,200000b,80000s
</usr/share/texlive/texmf-dist/fonts/type1/public/amsfonts/cm/cmbsy10.pfb></u
sr/share/texlive/texmf-dist/fonts/type1/public/amsfonts/cm/cmbx12.pfb></usr/sha
re/texlive/texmf-dist/fonts/type1/public/amsfonts/cm/cmbxti10.pfb></usr/share/t
exlive/texmf-dist/fonts/type1/public/amsfonts/cm/cmr10.pfb></usr/share/texlive/
texmf-dist/fonts/type1/public/amsfonts/cm/cmr17.pfb></usr/share/texlive/texmf-d
ist/fonts/type1/public/amsfonts/cm/cmss17.pfb></usr/share/texlive/texmf-dist/fo
nts/type1/public/amsfonts/cm/cmssi17.pfb></usr/share/texlive/texmf-dist/fonts/t
ype1/public/amsfonts/cm/cmsy10.pfb></usr/share/texlive/texmf-dist/fonts/type1/p
ublic/amsfonts/cm/cmtt12.pfb>
Output written on chap08.pdf (32 pages, 162133 bytes).
PDF statistics:
 322 PDF objects out of 1000 (max. 8388607)
 255 compressed objects within 3 object streams
 35 named destinations out of 1000 (max. 500000)
 106 words of extra memory for PDF output out of 10000 (max. 10000000)

