This is pdfTeX, Version 3.1415926-2.3-1.40.12 (MiKTeX 2.9) (preloaded format=pdflatex 2012.3.7)  21 JAN 2013 23:15
entering extended mode
**chap06
(C:\Users\matthews\Documents\csci322\andrews\textfigures\chap06.tex
LaTeX2e <2011/06/27>
Babel <v3.8m> and hyphenation patterns for english, afrikaans, ancientgreek, ar
abic, armenian, assamese, basque, bengali, bokmal, bulgarian, catalan, coptic, 
croatian, czech, danish, dutch, esperanto, estonian, farsi, finnish, french, ga
lician, german, german-x-2009-06-19, greek, gujarati, hindi, hungarian, iceland
ic, indonesian, interlingua, irish, italian, kannada, kurmanji, lao, latin, lat
vian, lithuanian, malayalam, marathi, mongolian, mongolianlmc, monogreek, ngerm
an, ngerman-x-2009-06-19, nynorsk, oriya, panjabi, pinyin, polish, portuguese, 
romanian, russian, sanskrit, serbian, slovak, slovenian, spanish, swedish, swis
sgerman, tamil, telugu, turkish, turkmen, ukenglish, ukrainian, uppersorbian, u
senglishmax, welsh, loaded.
("C:\Program Files (x86)\MiKTeX 2.9\tex\latex\base\article.cls"
Document Class: article 2007/10/19 v1.4h Standard LaTeX document class
("C:\Program Files (x86)\MiKTeX 2.9\tex\latex\base\size10.clo"
File: size10.clo 2007/10/19 v1.4h Standard LaTeX file (size option)
)
\c@part=\count79
\c@section=\count80
\c@subsection=\count81
\c@subsubsection=\count82
\c@paragraph=\count83
\c@subparagraph=\count84
\c@figure=\count85
\c@table=\count86
\abovecaptionskip=\skip41
\belowcaptionskip=\skip42
\bibindent=\dimen102
)
("C:\Program Files (x86)\MiKTeX 2.9\tex\latex\geometry\geometry.sty"
Package: geometry 2010/09/12 v5.6 Page Geometry

("C:\Program Files (x86)\MiKTeX 2.9\tex\latex\graphics\keyval.sty"
Package: keyval 1999/03/16 v1.13 key=value parser (DPC)
\KV@toks@=\toks14
)
("C:\Program Files (x86)\MiKTeX 2.9\tex\generic\oberdiek\ifpdf.sty"
Package: ifpdf 2011/01/30 v2.3 Provides the ifpdf switch (HO)
Package ifpdf Info: pdfTeX in PDF mode is detected.
)
("C:\Program Files (x86)\MiKTeX 2.9\tex\generic\oberdiek\ifvtex.sty"
Package: ifvtex 2010/03/01 v1.5 Switches for detecting VTeX and its modes (HO)
Package ifvtex Info: VTeX not detected.
)
("C:\Program Files (x86)\MiKTeX 2.9\tex\generic\ifxetex\ifxetex.sty"
Package: ifxetex 2010/09/12 v0.6 Provides ifxetex conditional
)
\Gm@cnth=\count87
\Gm@cntv=\count88
\c@Gm@tempcnt=\count89
\Gm@bindingoffset=\dimen103
\Gm@wd@mp=\dimen104
\Gm@odd@mp=\dimen105
\Gm@even@mp=\dimen106
\Gm@layoutwidth=\dimen107
\Gm@layoutheight=\dimen108
\Gm@layouthoffset=\dimen109
\Gm@layoutvoffset=\dimen110
\Gm@dimlist=\toks15

("C:\Program Files (x86)\MiKTeX 2.9\tex\latex\geometry\geometry.cfg"))
("C:\Program Files (x86)\MiKTeX 2.9\tex\latex\graphics\graphicx.sty"
Package: graphicx 1999/02/16 v1.0f Enhanced LaTeX Graphics (DPC,SPQR)

("C:\Program Files (x86)\MiKTeX 2.9\tex\latex\graphics\graphics.sty"
Package: graphics 2009/02/05 v1.0o Standard LaTeX Graphics (DPC,SPQR)

("C:\Program Files (x86)\MiKTeX 2.9\tex\latex\graphics\trig.sty"
Package: trig 1999/03/16 v1.09 sin cos tan (DPC)
)
("C:\Program Files (x86)\MiKTeX 2.9\tex\latex\00miktex\graphics.cfg"
File: graphics.cfg 2007/01/18 v1.5 graphics configuration of teTeX/TeXLive
)
Package graphics Info: Driver file: pdftex.def on input line 91.

("C:\Program Files (x86)\MiKTeX 2.9\tex\latex\pdftex-def\pdftex.def"
File: pdftex.def 2011/05/27 v0.06d Graphics/color for pdfTeX

("C:\Program Files (x86)\MiKTeX 2.9\tex\generic\oberdiek\infwarerr.sty"
Package: infwarerr 2010/04/08 v1.3 Providing info/warning/message (HO)
)
("C:\Program Files (x86)\MiKTeX 2.9\tex\generic\oberdiek\ltxcmds.sty"
Package: ltxcmds 2011/04/18 v1.20 LaTeX kernel commands for general use (HO)
)
\Gread@gobject=\count90
))
\Gin@req@height=\dimen111
\Gin@req@width=\dimen112
)
(C:\Users\matthews\Documents\csci322\andrews\textfigures\chap06.aux)
LaTeX Font Info:    Checking defaults for OML/cmm/m/it on input line 15.
LaTeX Font Info:    ... okay on input line 15.
LaTeX Font Info:    Checking defaults for T1/cmr/m/n on input line 15.
LaTeX Font Info:    ... okay on input line 15.
LaTeX Font Info:    Checking defaults for OT1/cmr/m/n on input line 15.
LaTeX Font Info:    ... okay on input line 15.
LaTeX Font Info:    Checking defaults for OMS/cmsy/m/n on input line 15.
LaTeX Font Info:    ... okay on input line 15.
LaTeX Font Info:    Checking defaults for OMX/cmex/m/n on input line 15.
LaTeX Font Info:    ... okay on input line 15.
LaTeX Font Info:    Checking defaults for U/cmr/m/n on input line 15.
LaTeX Font Info:    ... okay on input line 15.

*geometry* driver: auto-detecting
*geometry* detected driver: pdftex
*geometry* verbose mode - [ preamble ] result:
* driver: pdftex
* paper: <default>
* layout: <same size as paper>
* layoutoffset:(h,v)=(0.0pt,0.0pt)
* modes: 
* h-part:(L,W,R)=(0.0pt, 614.295pt, 0.0pt)
* v-part:(T,H,B)=(0.0pt, 794.96999pt, 0.0pt)
* \paperwidth=614.295pt
* \paperheight=794.96999pt
* \textwidth=614.295pt
* \textheight=794.96999pt
* \oddsidemargin=-72.26999pt
* \evensidemargin=-72.26999pt
* \topmargin=-109.26999pt
* \headheight=12.0pt
* \headsep=25.0pt
* \topskip=10.0pt
* \footskip=30.0pt
* \marginparwidth=65.0pt
* \marginparsep=11.0pt
* \columnsep=10.0pt
* \skip\footins=9.0pt plus 4.0pt minus 2.0pt
* \hoffset=0.0pt
* \voffset=0.0pt
* \mag=1000
* \@twocolumnfalse
* \@twosidefalse
* \@mparswitchfalse
* \@reversemarginfalse
* (1in=72.27pt=25.4mm, 1cm=28.453pt)

(C:\Users\matthews\AppData\Roaming\MiKTeX\2.9\tex\context\base\supp-pdf.mkii
[Loading MPS to PDF converter (version 2006.09.02).]
\scratchcounter=\count91
\scratchdimen=\dimen113
\scratchbox=\box26
\nofMPsegments=\count92
\nofMParguments=\count93
\everyMPshowfont=\toks16
\MPscratchCnt=\count94
\MPscratchDim=\dimen114
\MPnumerator=\count95
\makeMPintoPDFobject=\count96
\everyMPtoPDFconversion=\toks17
)
LaTeX Font Info:    External font `cmex10' loaded for size
(Font)              <12> on input line 16.
LaTeX Font Info:    External font `cmex10' loaded for size
(Font)              <8> on input line 16.
LaTeX Font Info:    External font `cmex10' loaded for size
(Font)              <6> on input line 16.
 <chap06/6_1.pdf, id=1, 614.295pt x 794.97pt>
File: chap06/6_1.pdf Graphic file (type pdf)
 <use chap06/6_1.pdf>
Package pdftex.def Info: chap06/6_1.pdf used on input line 18.
(pdftex.def)             Requested size: 921.44249pt x 1192.537pt.

Overfull \hbox (213.7425pt too wide) in paragraph at lines 18--18
[] [] 
 []

[1

{C:/Users/matthews/AppData/Local/MiKTeX/2.9/pdftex/config/pdftex.map}]
Overfull \vbox (397.56702pt too high) has occurred while \output is active []


[2 <C:/Users/matthews/Documents/csci322/andrews/textfigures/chap06/6_1.pdf>]
<chap06/6_2.pdf, id=19, 614.295pt x 794.97pt>
File: chap06/6_2.pdf Graphic file (type pdf)
 <use chap06/6_2.pdf>
Package pdftex.def Info: chap06/6_2.pdf used on input line 19.
(pdftex.def)             Requested size: 614.31223pt x 794.96999pt.
 [3 <C:/Users/matthews/Documents/csci322/andrews/textfigures/chap06/6_2.pdf>]
<chap06/6_3.pdf, id=29, 614.295pt x 794.97pt>
File: chap06/6_3.pdf Graphic file (type pdf)
 <use chap06/6_3.pdf>
Package pdftex.def Info: chap06/6_3.pdf used on input line 20.
(pdftex.def)             Requested size: 921.44249pt x 1192.537pt.

Overfull \hbox (213.7425pt too wide) in paragraph at lines 20--20
[] [] 
 []


Overfull \vbox (397.56702pt too high) has occurred while \output is active []


[4 <C:/Users/matthews/Documents/csci322/andrews/textfigures/chap06/6_3.pdf>]
<chap06/6_4.pdf, id=39, 614.295pt x 794.97pt>
File: chap06/6_4.pdf Graphic file (type pdf)
 <use chap06/6_4.pdf>
Package pdftex.def Info: chap06/6_4.pdf used on input line 21.
(pdftex.def)             Requested size: 614.31223pt x 794.96999pt.
 [5 <C:/Users/matthews/Documents/csci322/andrews/textfigures/chap06/6_4.pdf>]
<chap06/6_5.pdf, id=47, 614.295pt x 794.97pt>
File: chap06/6_5.pdf Graphic file (type pdf)
 <use chap06/6_5.pdf>
Package pdftex.def Info: chap06/6_5.pdf used on input line 22.
(pdftex.def)             Requested size: 921.44249pt x 1192.537pt.

Overfull \hbox (213.7425pt too wide) in paragraph at lines 22--22
[] [] 
 []


Overfull \vbox (397.56702pt too high) has occurred while \output is active []


[6 <C:/Users/matthews/Documents/csci322/andrews/textfigures/chap06/6_5.pdf>]
<chap06/6_6.pdf, id=57, 614.295pt x 794.97pt>
File: chap06/6_6.pdf Graphic file (type pdf)
 <use chap06/6_6.pdf>
Package pdftex.def Info: chap06/6_6.pdf used on input line 23.
(pdftex.def)             Requested size: 921.44249pt x 1192.537pt.

Overfull \hbox (213.7425pt too wide) in paragraph at lines 23--23
[] [] 
 []


Overfull \vbox (397.56702pt too high) has occurred while \output is active []


[7 <C:/Users/matthews/Documents/csci322/andrews/textfigures/chap06/6_6.pdf>]
<chap06/6_7.pdf, id=68, 614.295pt x 794.97pt>
File: chap06/6_7.pdf Graphic file (type pdf)
 <use chap06/6_7.pdf>
Package pdftex.def Info: chap06/6_7.pdf used on input line 24.
(pdftex.def)             Requested size: 921.44249pt x 1192.537pt.

Overfull \hbox (213.7425pt too wide) in paragraph at lines 24--24
[] [] 
 []


Overfull \vbox (397.56702pt too high) has occurred while \output is active []


[8 <C:/Users/matthews/Documents/csci322/andrews/textfigures/chap06/6_7.pdf>]
(C:\Users\matthews\Documents\csci322\andrews\textfigures\chap06.aux) ) 
Here is how much of TeX's memory you used:
 1648 strings out of 494045
 22933 string characters out of 3145961
 76880 words of memory out of 3000000
 4960 multiletter control sequences out of 15000+200000
 6974 words of font info for 25 fonts, out of 3000000 for 9000
 715 hyphenation exceptions out of 8191
 27i,7n,32p,214b,236s stack positions out of 5000i,500n,10000p,200000b,50000s
<C:/Progr
am Files (x86)/MiKTeX 2.9/fonts/type1/public/amsfonts/cm/cmr10.pfb><C:/Program 
Files (x86)/MiKTeX 2.9/fonts/type1/public/amsfonts/cm/cmr12.pfb><C:/Program Fil
es (x86)/MiKTeX 2.9/fonts/type1/public/amsfonts/cm/cmr17.pfb><C:/Program Files 
(x86)/MiKTeX 2.9/fonts/type1/public/amsfonts/cm/cmr9.pfb>
Output written on chap06.pdf (8 pages, 61445 bytes).
PDF statistics:
 92 PDF objects out of 1000 (max. 8388607)
 0 named destinations out of 1000 (max. 500000)
 36 words of extra memory for PDF output out of 10000 (max. 10000000)

