This is pdfTeX, Version 3.1415926-2.5-1.40.14 (TeX Live 2013/Debian) (format=pdflatex 2015.1.23)  27 FEB 2015 14:49
entering extended mode
 restricted \write18 enabled.
 %&-line parsing enabled.
**chap01.tex
(./chap01.tex
LaTeX2e <2011/06/27>
Babel <3.9h> and hyphenation patterns for 2 languages loaded.
(/usr/share/texlive/texmf-dist/tex/latex/base/article.cls
Document Class: article 2007/10/19 v1.4h Standard LaTeX document class
(/usr/share/texlive/texmf-dist/tex/latex/base/size10.clo
File: size10.clo 2007/10/19 v1.4h Standard LaTeX file (size option)
)
\c@part=\count79
\c@section=\count80
\c@subsection=\count81
\c@subsubsection=\count82
\c@paragraph=\count83
\c@subparagraph=\count84
\c@figure=\count85
\c@table=\count86
\abovecaptionskip=\skip41
\belowcaptionskip=\skip42
\bibindent=\dimen102
)
(/usr/share/texlive/texmf-dist/tex/latex/geometry/geometry.sty
Package: geometry 2010/09/12 v5.6 Page Geometry

(/usr/share/texlive/texmf-dist/tex/latex/graphics/keyval.sty
Package: keyval 1999/03/16 v1.13 key=value parser (DPC)
\KV@toks@=\toks14
)
(/usr/share/texlive/texmf-dist/tex/generic/oberdiek/ifpdf.sty
Package: ifpdf 2011/01/30 v2.3 Provides the ifpdf switch (HO)
Package ifpdf Info: pdfTeX in PDF mode is detected.
)
(/usr/share/texlive/texmf-dist/tex/generic/oberdiek/ifvtex.sty
Package: ifvtex 2010/03/01 v1.5 Detect VTeX and its facilities (HO)
Package ifvtex Info: VTeX not detected.
)
(/usr/share/texlive/texmf-dist/tex/generic/ifxetex/ifxetex.sty
Package: ifxetex 2010/09/12 v0.6 Provides ifxetex conditional
)
\Gm@cnth=\count87
\Gm@cntv=\count88
\c@Gm@tempcnt=\count89
\Gm@bindingoffset=\dimen103
\Gm@wd@mp=\dimen104
\Gm@odd@mp=\dimen105
\Gm@even@mp=\dimen106
\Gm@layoutwidth=\dimen107
\Gm@layoutheight=\dimen108
\Gm@layouthoffset=\dimen109
\Gm@layoutvoffset=\dimen110
\Gm@dimlist=\toks15
)
(/usr/share/texlive/texmf-dist/tex/latex/graphics/graphicx.sty
Package: graphicx 1999/02/16 v1.0f Enhanced LaTeX Graphics (DPC,SPQR)

(/usr/share/texlive/texmf-dist/tex/latex/graphics/graphics.sty
Package: graphics 2009/02/05 v1.0o Standard LaTeX Graphics (DPC,SPQR)

(/usr/share/texlive/texmf-dist/tex/latex/graphics/trig.sty
Package: trig 1999/03/16 v1.09 sin cos tan (DPC)
)
(/usr/share/texlive/texmf-dist/tex/latex/latexconfig/graphics.cfg
File: graphics.cfg 2010/04/23 v1.9 graphics configuration of TeX Live
)
Package graphics Info: Driver file: pdftex.def on input line 91.

(/usr/share/texlive/texmf-dist/tex/latex/pdftex-def/pdftex.def
File: pdftex.def 2011/05/27 v0.06d Graphics/color for pdfTeX

(/usr/share/texlive/texmf-dist/tex/generic/oberdiek/infwarerr.sty
Package: infwarerr 2010/04/08 v1.3 Providing info/warning/error messages (HO)
)
(/usr/share/texlive/texmf-dist/tex/generic/oberdiek/ltxcmds.sty
Package: ltxcmds 2011/11/09 v1.22 LaTeX kernel commands for general use (HO)
)
\Gread@gobject=\count90
))
\Gin@req@height=\dimen111
\Gin@req@width=\dimen112
)
(/usr/share/texlive/texmf-dist/tex/latex/tools/multicol.sty
Package: multicol 2011/06/27 v1.7a multicolumn formatting (FMi)
\c@tracingmulticols=\count91
\mult@box=\box26
\multicol@leftmargin=\dimen113
\c@unbalance=\count92
\c@collectmore=\count93
\doublecol@number=\count94
\multicoltolerance=\count95
\multicolpretolerance=\count96
\full@width=\dimen114
\page@free=\dimen115
\premulticols=\dimen116
\postmulticols=\dimen117
\multicolsep=\skip43
\multicolbaselineskip=\skip44
\partial@page=\box27
\last@line=\box28
\mult@rightbox=\box29
\mult@grightbox=\box30
\mult@gfirstbox=\box31
\mult@firstbox=\box32
\@tempa=\box33
\@tempa=\box34
\@tempa=\box35
\@tempa=\box36
\@tempa=\box37
\@tempa=\box38
\@tempa=\box39
\@tempa=\box40
\@tempa=\box41
\@tempa=\box42
\@tempa=\box43
\@tempa=\box44
\@tempa=\box45
\@tempa=\box46
\@tempa=\box47
\@tempa=\box48
\@tempa=\box49
\c@columnbadness=\count97
\c@finalcolumnbadness=\count98
\last@try=\dimen118
\multicolovershoot=\dimen119
\multicolundershoot=\dimen120
\mult@nat@firstbox=\box50
\colbreak@box=\box51
\multicol@sort@counter=\count99
)
(/usr/share/texlive/texmf-dist/tex/latex/overpic/overpic.sty
Package: overpic 2010/09/13 v0.53  Overwriting graphics

Package: overpic v0.53 <2010/09/13> (RN)
(/usr/share/texlive/texmf-dist/tex/latex/eepic/epic.sty
Enhancements to Picture Environment. Version 1.2 - Released June 1, 1986
\@@multicnt=\count100
\d@lta=\count101
\@delta=\dimen121
\@@delta=\dimen122
\@gridcnt=\count102
\@joinkind=\count103
\@dotgap=\dimen123
\@ddotgap=\dimen124
\@x@diff=\count104
\@y@diff=\count105
\x@diff=\dimen125
\y@diff=\dimen126
\@dotbox=\box52
\num@segments=\count106
\num@segmentsi=\count107
\@datafile=\read1
)
overpic: relative positioning in percent
) (/usr/share/texlive/texmf-dist/tex/latex/fancyvrb/fancyvrb.sty
Package: fancyvrb 2008/02/07

Style option: `fancyvrb' v2.7a, with DG/SPQR fixes, and firstline=lastline fix 
<2008/02/07> (tvz)
\FV@CodeLineNo=\count108
\FV@InFile=\read2
\FV@TabBox=\box53
\c@FancyVerbLine=\count109
\FV@StepNumber=\count110
\FV@OutFile=\write3
) (./chap01.aux)
\openout1 = `chap01.aux'.

LaTeX Font Info:    Checking defaults for OML/cmm/m/it on input line 42.
LaTeX Font Info:    ... okay on input line 42.
LaTeX Font Info:    Checking defaults for T1/cmr/m/n on input line 42.
LaTeX Font Info:    ... okay on input line 42.
LaTeX Font Info:    Checking defaults for OT1/cmr/m/n on input line 42.
LaTeX Font Info:    ... okay on input line 42.
LaTeX Font Info:    Checking defaults for OMS/cmsy/m/n on input line 42.
LaTeX Font Info:    ... okay on input line 42.
LaTeX Font Info:    Checking defaults for OMX/cmex/m/n on input line 42.
LaTeX Font Info:    ... okay on input line 42.
LaTeX Font Info:    Checking defaults for U/cmr/m/n on input line 42.
LaTeX Font Info:    ... okay on input line 42.

*geometry* driver: auto-detecting
*geometry* detected driver: pdftex
*geometry* verbose mode - [ preamble ] result:
* driver: pdftex
* paper: <default>
* layout: <same size as paper>
* layoutoffset:(h,v)=(0.0pt,0.0pt)
* modes: landscape 
* h-part:(L,W,R)=(36.135pt, 722.7pt, 36.135pt)
* v-part:(T,H,B)=(-72.26999pt, 686.56499pt, 0.0pt)
* \paperwidth=794.96999pt
* \paperheight=614.295pt
* \textwidth=722.7pt
* \textheight=686.56499pt
* \oddsidemargin=-36.135pt
* \evensidemargin=-36.135pt
* \topmargin=-181.53998pt
* \headheight=12.0pt
* \headsep=25.0pt
* \topskip=10.0pt
* \footskip=30.0pt
* \marginparwidth=65.0pt
* \marginparsep=11.0pt
* \columnsep=10.0pt
* \skip\footins=9.0pt plus 4.0pt minus 2.0pt
* \hoffset=0.0pt
* \voffset=0.0pt
* \mag=1000
* \@twocolumnfalse
* \@twosidefalse
* \@mparswitchfalse
* \@reversemarginfalse
* (1in=72.27pt=25.4mm, 1cm=28.453pt)

(/usr/share/texlive/texmf-dist/tex/context/base/supp-pdf.mkii
[Loading MPS to PDF converter (version 2006.09.02).]
\scratchcounter=\count111
\scratchdimen=\dimen127
\scratchbox=\box54
\nofMPsegments=\count112
\nofMParguments=\count113
\everyMPshowfont=\toks16
\MPscratchCnt=\count114
\MPscratchDim=\dimen128
\MPnumerator=\count115
\makeMPintoPDFobject=\count116
\everyMPtoPDFconversion=\toks17
) (/usr/share/texlive/texmf-dist/tex/generic/oberdiek/pdftexcmds.sty
Package: pdftexcmds 2011/11/29 v0.20 Utility functions of pdfTeX for LuaTeX (HO
)

(/usr/share/texlive/texmf-dist/tex/generic/oberdiek/ifluatex.sty
Package: ifluatex 2010/03/01 v1.3 Provides the ifluatex switch (HO)
Package ifluatex Info: LuaTeX not detected.
)
Package pdftexcmds Info: LuaTeX not detected.
Package pdftexcmds Info: \pdf@primitive is available.
Package pdftexcmds Info: \pdf@ifprimitive is available.
Package pdftexcmds Info: \pdfdraftmode found.
)
(/usr/share/texlive/texmf-dist/tex/latex/oberdiek/epstopdf-base.sty
Package: epstopdf-base 2010/02/09 v2.5 Base part for package epstopdf

(/usr/share/texlive/texmf-dist/tex/latex/oberdiek/grfext.sty
Package: grfext 2010/08/19 v1.1 Manage graphics extensions (HO)

(/usr/share/texlive/texmf-dist/tex/generic/oberdiek/kvdefinekeys.sty
Package: kvdefinekeys 2011/04/07 v1.3 Define keys (HO)
))
(/usr/share/texlive/texmf-dist/tex/latex/oberdiek/kvoptions.sty
Package: kvoptions 2011/06/30 v3.11 Key value format for package options (HO)

(/usr/share/texlive/texmf-dist/tex/generic/oberdiek/kvsetkeys.sty
Package: kvsetkeys 2012/04/25 v1.16 Key value parser (HO)

(/usr/share/texlive/texmf-dist/tex/generic/oberdiek/etexcmds.sty
Package: etexcmds 2011/02/16 v1.5 Avoid name clashes with e-TeX commands (HO)
Package etexcmds Info: Could not find \expanded.
(etexcmds)             That can mean that you are not using pdfTeX 1.50 or
(etexcmds)             that some package has redefined \expanded.
(etexcmds)             In the latter case, load this package earlier.
)))
Package grfext Info: Graphics extension search list:
(grfext)             [.png,.pdf,.jpg,.mps,.jpeg,.jbig2,.jb2,.PNG,.PDF,.JPG,.JPE
G,.JBIG2,.JB2,.eps]
(grfext)             \AppendGraphicsExtensions on input line 452.

(/usr/share/texlive/texmf-dist/tex/latex/latexconfig/epstopdf-sys.cfg
File: epstopdf-sys.cfg 2010/07/13 v1.3 Configuration of (r)epstopdf for TeX Liv
e
))
[1

{/var/lib/texmf/fonts/map/pdftex/updmap/pdftex.map}]
<figures/1_1.pdf, id=9, 614.295pt x 794.97pt>
File: figures/1_1.pdf Graphic file (type pdf)
 <use figures/1_1.pdf>
Package pdftex.def Info: figures/1_1.pdf used on input line 49.
(pdftex.def)             Requested size: 921.44023pt x 1192.45209pt.
LaTeX Font Info:    External font `cmex10' loaded for size
(Font)              <20.74> on input line 50.
LaTeX Font Info:    External font `cmex10' loaded for size
(Font)              <14.4> on input line 50.
LaTeX Font Info:    External font `cmex10' loaded for size
(Font)              <12> on input line 50.

Overfull \hbox (195.48764pt too wide) in paragraph at lines 57--57
[][] 
 []


Overfull \vbox (505.88649pt too high) has occurred while \output is active []


[2 <./figures/1_1.pdf>] <figures/1_2.pdf, id=19, 614.295pt x 794.97pt>
File: figures/1_2.pdf Graphic file (type pdf)

<use figures/1_2.pdf>
Package pdftex.def Info: figures/1_2.pdf used on input line 59.
(pdftex.def)             Requested size: 921.44023pt x 1192.45209pt.

Overfull \hbox (195.48764pt too wide) in paragraph at lines 66--66
[][] 
 []


Overfull \vbox (505.88649pt too high) has occurred while \output is active []


[3 <./figures/1_2.pdf>] <figures/1_3.pdf, id=29, 614.295pt x 794.97pt>
File: figures/1_3.pdf Graphic file (type pdf)

<use figures/1_3.pdf>
Package pdftex.def Info: figures/1_3.pdf used on input line 68.
(pdftex.def)             Requested size: 921.44023pt x 1192.45209pt.

Overfull \hbox (195.48764pt too wide) in paragraph at lines 72--72
[][] 
 []


Overfull \vbox (505.88649pt too high) has occurred while \output is active []


[4 <./figures/1_3.pdf>]
LaTeX Font Info:    Try loading font information for OMS+cmr on input line 84.
 (/usr/share/texlive/texmf-dist/tex/latex/base/omscmr.fd
File: omscmr.fd 1999/05/25 v2.5h Standard LaTeX font definitions
)
LaTeX Font Info:    Font shape `OMS/cmr/m/n' in size <20.74> not available
(Font)              Font shape `OMS/cmsy/m/n' tried instead on input line 84.
 [5] <figures/p13_mm_seq.pdf, id=42, 614.295pt x 794.97pt>
File: figures/p13_mm_seq.pdf Graphic file (type pdf)

<use figures/p13_mm_seq.pdf>
Package pdftex.def Info: figures/p13_mm_seq.pdf used on input line 97.
(pdftex.def)             Requested size: 921.44023pt x 1192.45209pt.

Overfull \hbox (195.48764pt too wide) in paragraph at lines 98--98
[][] 
 []


Overfull \vbox (505.88649pt too high) has occurred while \output is active []


[6 <./figures/p13_mm_seq.pdf>] [7]
<figures/p14a_mm_rows.pdf, id=55, 614.295pt x 794.97pt>
File: figures/p14a_mm_rows.pdf Graphic file (type pdf)

<use figures/p14a_mm_rows.pdf>
Package pdftex.def Info: figures/p14a_mm_rows.pdf used on input line 109.
(pdftex.def)             Requested size: 921.44023pt x 1192.45209pt.

Overfull \hbox (195.48764pt too wide) in paragraph at lines 110--110
[][] 
 []


Overfull \vbox (505.88649pt too high) has occurred while \output is active []


[8 <./figures/p14a_mm_rows.pdf>]
<figures/p14b_mm_cols.pdf, id=64, 614.295pt x 794.97pt>
File: figures/p14b_mm_cols.pdf Graphic file (type pdf)

<use figures/p14b_mm_cols.pdf>
Package pdftex.def Info: figures/p14b_mm_cols.pdf used on input line 112.
(pdftex.def)             Requested size: 921.44023pt x 1192.45209pt.

Overfull \hbox (195.48764pt too wide) in paragraph at lines 113--113
[][] 
 []


Overfull \vbox (505.88649pt too high) has occurred while \output is active []


[9 <./figures/p14b_mm_cols.pdf>]
<figures/p15a_mm_rows_cols.pdf, id=73, 614.295pt x 794.97pt>
File: figures/p15a_mm_rows_cols.pdf Graphic file (type pdf)

<use figures/p15a_mm_rows_cols.pdf>
Package pdftex.def Info: figures/p15a_mm_rows_cols.pdf used on input line 115.
(pdftex.def)             Requested size: 921.44023pt x 1192.45209pt.

Overfull \hbox (195.48764pt too wide) in paragraph at lines 116--116
[][] 
 []


Overfull \vbox (505.88649pt too high) has occurred while \output is active []


[10 <./figures/p15a_mm_rows_cols.pdf>]
<figures/p15b_mm_nested_co.pdf, id=82, 614.295pt x 794.97pt>
File: figures/p15b_mm_nested_co.pdf Graphic file (type pdf)

<use figures/p15b_mm_nested_co.pdf>
Package pdftex.def Info: figures/p15b_mm_nested_co.pdf used on input line 118.
(pdftex.def)             Requested size: 921.44023pt x 1192.45209pt.

Overfull \hbox (195.48764pt too wide) in paragraph at lines 120--120
[][] 
 []


Overfull \vbox (505.88649pt too high) has occurred while \output is active []


[11 <./figures/p15b_mm_nested_co.pdf>]
<figures/p16a_mm_process.pdf, id=92, 614.295pt x 794.97pt>
File: figures/p16a_mm_process.pdf Graphic file (type pdf)

<use figures/p16a_mm_process.pdf>
Package pdftex.def Info: figures/p16a_mm_process.pdf used on input line 122.
(pdftex.def)             Requested size: 921.44023pt x 1192.45209pt.

Overfull \hbox (195.48764pt too wide) in paragraph at lines 126--126
[][] 
 []


Overfull \vbox (505.88649pt too high) has occurred while \output is active []


[12 <./figures/p16a_mm_process.pdf>]
<figures/p16b_mm_strips.pdf, id=101, 614.295pt x 794.97pt>
File: figures/p16b_mm_strips.pdf Graphic file (type pdf)

<use figures/p16b_mm_strips.pdf>
Package pdftex.def Info: figures/p16b_mm_strips.pdf used on input line 128.
(pdftex.def)             Requested size: 921.44023pt x 1192.45209pt.

Overfull \hbox (195.48764pt too wide) in paragraph at lines 130--130
[][] 
 []


Overfull \vbox (505.88649pt too high) has occurred while \output is active []


[13 <./figures/p16b_mm_strips.pdf>]
<figures/1_4.pdf, id=111, 614.295pt x 794.97pt>
File: figures/1_4.pdf Graphic file (type pdf)
 <use figures/1_4.pdf>
Package pdftex.def Info: figures/1_4.pdf used on input line 132.
(pdftex.def)             Requested size: 921.44023pt x 1192.45209pt.

Overfull \hbox (195.48764pt too wide) in paragraph at lines 138--138
[][] 
 []


Overfull \vbox (505.88649pt too high) has occurred while \output is active []


[14 <./figures/1_4.pdf>]
<figures/p18a_quad_iterative.pdf, id=126, 614.295pt x 794.97pt>
File: figures/p18a_quad_iterative.pdf Graphic file (type pdf)

<use figures/p18a_quad_iterative.pdf>
Package pdftex.def Info: figures/p18a_quad_iterative.pdf used on input line 140
.
(pdftex.def)             Requested size: 921.44023pt x 1192.45209pt.

Overfull \hbox (195.48764pt too wide) in paragraph at lines 141--141
[][] 
 []


Overfull \vbox (505.88649pt too high) has occurred while \output is active []


[15 <./figures/p18a_quad_iterative.pdf>]
<figures/p18b_quad_recursive.pdf, id=135, 614.295pt x 794.97pt>
File: figures/p18b_quad_recursive.pdf Graphic file (type pdf)

<use figures/p18b_quad_recursive.pdf>
Package pdftex.def Info: figures/p18b_quad_recursive.pdf used on input line 143
.
(pdftex.def)             Requested size: 921.44023pt x 1192.45209pt.

Overfull \hbox (195.48764pt too wide) in paragraph at lines 149--149
[][] 
 []


Overfull \vbox (505.88649pt too high) has occurred while \output is active []


[16 <./figures/p18b_quad_recursive.pdf>]
<figures/p18c_quad_co.pdf, id=145, 614.295pt x 794.97pt>
File: figures/p18c_quad_co.pdf Graphic file (type pdf)

<use figures/p18c_quad_co.pdf>
Package pdftex.def Info: figures/p18c_quad_co.pdf used on input line 161.
(pdftex.def)             Requested size: 921.44023pt x 1192.45209pt.

Overfull \hbox (195.48764pt too wide) in paragraph at lines 162--162
[][] 
 []

[17]
Overfull \vbox (505.88649pt too high) has occurred while \output is active []


[18 <./figures/p18c_quad_co.pdf>]
<figures/1_5.pdf, id=157, 614.295pt x 794.97pt>
File: figures/1_5.pdf Graphic file (type pdf)
 <use figures/1_5.pdf>
Package pdftex.def Info: figures/1_5.pdf used on input line 165.
(pdftex.def)             Requested size: 921.44023pt x 1192.45209pt.

Overfull \hbox (195.48764pt too wide) in paragraph at lines 168--168
[][] 
 []


Overfull \vbox (505.88649pt too high) has occurred while \output is active []


[19 <./figures/1_5.pdf>] <figures/1_6.pdf, id=171, 614.295pt x 794.97pt>
File: figures/1_6.pdf Graphic file (type pdf)

<use figures/1_6.pdf>
Package pdftex.def Info: figures/1_6.pdf used on input line 170.
(pdftex.def)             Requested size: 921.44023pt x 1192.45209pt.

Overfull \hbox (195.48764pt too wide) in paragraph at lines 173--173
[][] 
 []


Overfull \vbox (505.88649pt too high) has occurred while \output is active []


[20 <./figures/1_6.pdf>] <figures/1_7.pdf, id=184, 614.295pt x 794.97pt>
File: figures/1_7.pdf Graphic file (type pdf)

<use figures/1_7.pdf>
Package pdftex.def Info: figures/1_7.pdf used on input line 175.
(pdftex.def)             Requested size: 921.44023pt x 1192.45209pt.

Overfull \hbox (195.48764pt too wide) in paragraph at lines 177--177
[][] 
 []


Overfull \vbox (505.88649pt too high) has occurred while \output is active []


[21 <./figures/1_7.pdf>]
<figures/p23_mm_coord_worker.pdf, id=200, 614.295pt x 794.97pt>
File: figures/p23_mm_coord_worker.pdf Graphic file (type pdf)

<use figures/p23_mm_coord_worker.pdf>
Package pdftex.def Info: figures/p23_mm_coord_worker.pdf used on input line 179
.
(pdftex.def)             Requested size: 921.44023pt x 1192.45209pt.

Overfull \hbox (195.48764pt too wide) in paragraph at lines 180--180
[][] 
 []


Overfull \vbox (505.88649pt too high) has occurred while \output is active []


[22 <./figures/p23_mm_coord_worker.pdf>]
<figures/p25_mm_circular.pdf, id=209, 614.295pt x 794.97pt>
File: figures/p25_mm_circular.pdf Graphic file (type pdf)

<use figures/p25_mm_circular.pdf>
Package pdftex.def Info: figures/p25_mm_circular.pdf used on input line 182.
(pdftex.def)             Requested size: 921.44023pt x 1192.45209pt.

Overfull \hbox (195.48764pt too wide) in paragraph at lines 183--183
[][] 
 []


Overfull \vbox (505.88649pt too high) has occurred while \output is active []


[23 <./figures/p25_mm_circular.pdf>] (./chap01.aux) ) 
Here is how much of TeX's memory you used:
 2658 strings out of 495028
 39534 string characters out of 6181497
 103429 words of memory out of 5000000
 5836 multiletter control sequences out of 15000+600000
 6856 words of font info for 25 fonts, out of 8000000 for 9000
 14 hyphenation exceptions out of 8191
 37i,5n,23p,239b,146s stack positions out of 5000i,500n,10000p,200000b,80000s
</usr/share/texlive/texmf-
dist/fonts/type1/public/amsfonts/cm/cmbx12.pfb></usr/share/texlive/texmf-dist/f
onts/type1/public/amsfonts/cm/cmr10.pfb></usr/share/texlive/texmf-dist/fonts/ty
pe1/public/amsfonts/cm/cmr17.pfb></usr/share/texlive/texmf-dist/fonts/type1/pub
lic/amsfonts/cm/cmsy10.pfb></usr/share/texlive/texmf-dist/fonts/type1/public/am
sfonts/cm/cmtt12.pfb>
Output written on chap01.pdf (23 pages, 84256 bytes).
PDF statistics:
 237 PDF objects out of 1000 (max. 8388607)
 177 compressed objects within 2 object streams
 0 named destinations out of 1000 (max. 500000)
 96 words of extra memory for PDF output out of 10000 (max. 10000000)

