This is pdfTeX, Version 3.1415926-2.5-1.40.14 (TeX Live 2013/Debian) (format=pdflatex 2015.1.23)  3 MAR 2015 17:17
entering extended mode
 restricted \write18 enabled.
 %&-line parsing enabled.
**chap09.tex
(./chap09.tex
LaTeX2e <2011/06/27>
Babel <3.9h> and hyphenation patterns for 2 languages loaded.
(/usr/share/texlive/texmf-dist/tex/latex/base/article.cls
Document Class: article 2007/10/19 v1.4h Standard LaTeX document class
(/usr/share/texlive/texmf-dist/tex/latex/base/size10.clo
File: size10.clo 2007/10/19 v1.4h Standard LaTeX file (size option)
)
\c@part=\count79
\c@section=\count80
\c@subsection=\count81
\c@subsubsection=\count82
\c@paragraph=\count83
\c@subparagraph=\count84
\c@figure=\count85
\c@table=\count86
\abovecaptionskip=\skip41
\belowcaptionskip=\skip42
\bibindent=\dimen102
)
(/usr/share/texlive/texmf-dist/tex/latex/geometry/geometry.sty
Package: geometry 2010/09/12 v5.6 Page Geometry

(/usr/share/texlive/texmf-dist/tex/latex/graphics/keyval.sty
Package: keyval 1999/03/16 v1.13 key=value parser (DPC)
\KV@toks@=\toks14
)
(/usr/share/texlive/texmf-dist/tex/generic/oberdiek/ifpdf.sty
Package: ifpdf 2011/01/30 v2.3 Provides the ifpdf switch (HO)
Package ifpdf Info: pdfTeX in PDF mode is detected.
)
(/usr/share/texlive/texmf-dist/tex/generic/oberdiek/ifvtex.sty
Package: ifvtex 2010/03/01 v1.5 Detect VTeX and its facilities (HO)
Package ifvtex Info: VTeX not detected.
)
(/usr/share/texlive/texmf-dist/tex/generic/ifxetex/ifxetex.sty
Package: ifxetex 2010/09/12 v0.6 Provides ifxetex conditional
)
\Gm@cnth=\count87
\Gm@cntv=\count88
\c@Gm@tempcnt=\count89
\Gm@bindingoffset=\dimen103
\Gm@wd@mp=\dimen104
\Gm@odd@mp=\dimen105
\Gm@even@mp=\dimen106
\Gm@layoutwidth=\dimen107
\Gm@layoutheight=\dimen108
\Gm@layouthoffset=\dimen109
\Gm@layoutvoffset=\dimen110
\Gm@dimlist=\toks15
)
(/usr/share/texlive/texmf-dist/tex/latex/graphics/graphicx.sty
Package: graphicx 1999/02/16 v1.0f Enhanced LaTeX Graphics (DPC,SPQR)

(/usr/share/texlive/texmf-dist/tex/latex/graphics/graphics.sty
Package: graphics 2009/02/05 v1.0o Standard LaTeX Graphics (DPC,SPQR)

(/usr/share/texlive/texmf-dist/tex/latex/graphics/trig.sty
Package: trig 1999/03/16 v1.09 sin cos tan (DPC)
)
(/usr/share/texlive/texmf-dist/tex/latex/latexconfig/graphics.cfg
File: graphics.cfg 2010/04/23 v1.9 graphics configuration of TeX Live
)
Package graphics Info: Driver file: pdftex.def on input line 91.

(/usr/share/texlive/texmf-dist/tex/latex/pdftex-def/pdftex.def
File: pdftex.def 2011/05/27 v0.06d Graphics/color for pdfTeX

(/usr/share/texlive/texmf-dist/tex/generic/oberdiek/infwarerr.sty
Package: infwarerr 2010/04/08 v1.3 Providing info/warning/error messages (HO)
)
(/usr/share/texlive/texmf-dist/tex/generic/oberdiek/ltxcmds.sty
Package: ltxcmds 2011/11/09 v1.22 LaTeX kernel commands for general use (HO)
)
\Gread@gobject=\count90
))
\Gin@req@height=\dimen111
\Gin@req@width=\dimen112
)
(/usr/share/texlive/texmf-dist/tex/latex/tools/multicol.sty
Package: multicol 2011/06/27 v1.7a multicolumn formatting (FMi)
\c@tracingmulticols=\count91
\mult@box=\box26
\multicol@leftmargin=\dimen113
\c@unbalance=\count92
\c@collectmore=\count93
\doublecol@number=\count94
\multicoltolerance=\count95
\multicolpretolerance=\count96
\full@width=\dimen114
\page@free=\dimen115
\premulticols=\dimen116
\postmulticols=\dimen117
\multicolsep=\skip43
\multicolbaselineskip=\skip44
\partial@page=\box27
\last@line=\box28
\mult@rightbox=\box29
\mult@grightbox=\box30
\mult@gfirstbox=\box31
\mult@firstbox=\box32
\@tempa=\box33
\@tempa=\box34
\@tempa=\box35
\@tempa=\box36
\@tempa=\box37
\@tempa=\box38
\@tempa=\box39
\@tempa=\box40
\@tempa=\box41
\@tempa=\box42
\@tempa=\box43
\@tempa=\box44
\@tempa=\box45
\@tempa=\box46
\@tempa=\box47
\@tempa=\box48
\@tempa=\box49
\c@columnbadness=\count97
\c@finalcolumnbadness=\count98
\last@try=\dimen118
\multicolovershoot=\dimen119
\multicolundershoot=\dimen120
\mult@nat@firstbox=\box50
\colbreak@box=\box51
\multicol@sort@counter=\count99
)
(/usr/share/texlive/texmf-dist/tex/latex/overpic/overpic.sty
Package: overpic 2010/09/13 v0.53  Overwriting graphics

Package: overpic v0.53 <2010/09/13> (RN)
(/usr/share/texlive/texmf-dist/tex/latex/eepic/epic.sty
Enhancements to Picture Environment. Version 1.2 - Released June 1, 1986
\@@multicnt=\count100
\d@lta=\count101
\@delta=\dimen121
\@@delta=\dimen122
\@gridcnt=\count102
\@joinkind=\count103
\@dotgap=\dimen123
\@ddotgap=\dimen124
\@x@diff=\count104
\@y@diff=\count105
\x@diff=\dimen125
\y@diff=\dimen126
\@dotbox=\box52
\num@segments=\count106
\num@segmentsi=\count107
\@datafile=\read1
)
overpic: relative positioning in percent
) (/usr/share/texlive/texmf-dist/tex/latex/hyperref/hyperref.sty
Package: hyperref 2012/11/06 v6.83m Hypertext links for LaTeX

(/usr/share/texlive/texmf-dist/tex/generic/oberdiek/hobsub-hyperref.sty
Package: hobsub-hyperref 2012/05/28 v1.13 Bundle oberdiek, subset hyperref (HO)


(/usr/share/texlive/texmf-dist/tex/generic/oberdiek/hobsub-generic.sty
Package: hobsub-generic 2012/05/28 v1.13 Bundle oberdiek, subset generic (HO)
Package: hobsub 2012/05/28 v1.13 Construct package bundles (HO)
Package hobsub Info: Skipping package `infwarerr' (already loaded).
Package hobsub Info: Skipping package `ltxcmds' (already loaded).
Package: ifluatex 2010/03/01 v1.3 Provides the ifluatex switch (HO)
Package ifluatex Info: LuaTeX not detected.
Package hobsub Info: Skipping package `ifvtex' (already loaded).
Package: intcalc 2007/09/27 v1.1 Expandable calculations with integers (HO)
Package hobsub Info: Skipping package `ifpdf' (already loaded).
Package: etexcmds 2011/02/16 v1.5 Avoid name clashes with e-TeX commands (HO)
Package etexcmds Info: Could not find \expanded.
(etexcmds)             That can mean that you are not using pdfTeX 1.50 or
(etexcmds)             that some package has redefined \expanded.
(etexcmds)             In the latter case, load this package earlier.
Package: kvsetkeys 2012/04/25 v1.16 Key value parser (HO)
Package: kvdefinekeys 2011/04/07 v1.3 Define keys (HO)
Package: pdftexcmds 2011/11/29 v0.20 Utility functions of pdfTeX for LuaTeX (HO
)
Package pdftexcmds Info: LuaTeX not detected.
Package pdftexcmds Info: \pdf@primitive is available.
Package pdftexcmds Info: \pdf@ifprimitive is available.
Package pdftexcmds Info: \pdfdraftmode found.
Package: pdfescape 2011/11/25 v1.13 Implements pdfTeX's escape features (HO)
Package: bigintcalc 2012/04/08 v1.3 Expandable calculations on big integers (HO
)
Package: bitset 2011/01/30 v1.1 Handle bit-vector datatype (HO)
Package: uniquecounter 2011/01/30 v1.2 Provide unlimited unique counter (HO)
)
Package hobsub Info: Skipping package `hobsub' (already loaded).
Package: letltxmacro 2010/09/02 v1.4 Let assignment for LaTeX macros (HO)
Package: hopatch 2012/05/28 v1.2 Wrapper for package hooks (HO)
Package: xcolor-patch 2011/01/30 xcolor patch
Package: atveryend 2011/06/30 v1.8 Hooks at the very end of document (HO)
Package atveryend Info: \enddocument detected (standard20110627).
Package: atbegshi 2011/10/05 v1.16 At begin shipout hook (HO)
Package: refcount 2011/10/16 v3.4 Data extraction from label references (HO)
Package: hycolor 2011/01/30 v1.7 Color options for hyperref/bookmark (HO)
)
(/usr/share/texlive/texmf-dist/tex/latex/oberdiek/auxhook.sty
Package: auxhook 2011/03/04 v1.3 Hooks for auxiliary files (HO)
)
(/usr/share/texlive/texmf-dist/tex/latex/oberdiek/kvoptions.sty
Package: kvoptions 2011/06/30 v3.11 Key value format for package options (HO)
)
\@linkdim=\dimen127
\Hy@linkcounter=\count108
\Hy@pagecounter=\count109

(/usr/share/texlive/texmf-dist/tex/latex/hyperref/pd1enc.def
File: pd1enc.def 2012/11/06 v6.83m Hyperref: PDFDocEncoding definition (HO)
)
\Hy@SavedSpaceFactor=\count110

(/usr/share/texlive/texmf-dist/tex/latex/latexconfig/hyperref.cfg
File: hyperref.cfg 2002/06/06 v1.2 hyperref configuration of TeXLive
)
Package hyperref Info: Hyper figures OFF on input line 4443.
Package hyperref Info: Link nesting OFF on input line 4448.
Package hyperref Info: Hyper index ON on input line 4451.
Package hyperref Info: Plain pages OFF on input line 4458.
Package hyperref Info: Backreferencing OFF on input line 4463.
Package hyperref Info: Implicit mode ON; LaTeX internals redefined.
Package hyperref Info: Bookmarks ON on input line 4688.
\c@Hy@tempcnt=\count111

(/usr/share/texlive/texmf-dist/tex/latex/url/url.sty
\Urlmuskip=\muskip10
Package: url 2013/09/16  ver 3.4  Verb mode for urls, etc.
)
LaTeX Info: Redefining \url on input line 5041.
\XeTeXLinkMargin=\dimen128
\Fld@menulength=\count112
\Field@Width=\dimen129
\Fld@charsize=\dimen130
Package hyperref Info: Hyper figures OFF on input line 6295.
Package hyperref Info: Link nesting OFF on input line 6300.
Package hyperref Info: Hyper index ON on input line 6303.
Package hyperref Info: backreferencing OFF on input line 6310.
Package hyperref Info: Link coloring OFF on input line 6315.
Package hyperref Info: Link coloring with OCG OFF on input line 6320.
Package hyperref Info: PDF/A mode OFF on input line 6325.
LaTeX Info: Redefining \ref on input line 6365.
LaTeX Info: Redefining \pageref on input line 6369.
\Hy@abspage=\count113
\c@Item=\count114
\c@Hfootnote=\count115
)

Package hyperref Message: Driver (autodetected): hpdftex.

(/usr/share/texlive/texmf-dist/tex/latex/hyperref/hpdftex.def
File: hpdftex.def 2012/11/06 v6.83m Hyperref driver for pdfTeX
\Fld@listcount=\count116
\c@bookmark@seq@number=\count117

(/usr/share/texlive/texmf-dist/tex/latex/oberdiek/rerunfilecheck.sty
Package: rerunfilecheck 2011/04/15 v1.7 Rerun checks for auxiliary files (HO)
Package uniquecounter Info: New unique counter `rerunfilecheck' on input line 2
82.
)
\Hy@SectionHShift=\skip45
)
(/usr/share/texlive/texmf-dist/tex/latex/graphics/color.sty
Package: color 2005/11/14 v1.0j Standard LaTeX Color (DPC)

(/usr/share/texlive/texmf-dist/tex/latex/latexconfig/color.cfg
File: color.cfg 2007/01/18 v1.5 color configuration of teTeX/TeXLive
)
Package color Info: Driver file: pdftex.def on input line 130.
)
(/usr/share/texlive/texmf-dist/tex/latex/fancyvrb/fancyvrb.sty
Package: fancyvrb 2008/02/07

Style option: `fancyvrb' v2.7a, with DG/SPQR fixes, and firstline=lastline fix 
<2008/02/07> (tvz)
\FV@CodeLineNo=\count118
\FV@InFile=\read2
\FV@TabBox=\box53
\c@FancyVerbLine=\count119
\FV@StepNumber=\count120
\FV@OutFile=\write3
) (./chap09.aux)
\openout1 = `chap09.aux'.

LaTeX Font Info:    Checking defaults for OML/cmm/m/it on input line 45.
LaTeX Font Info:    ... okay on input line 45.
LaTeX Font Info:    Checking defaults for T1/cmr/m/n on input line 45.
LaTeX Font Info:    ... okay on input line 45.
LaTeX Font Info:    Checking defaults for OT1/cmr/m/n on input line 45.
LaTeX Font Info:    ... okay on input line 45.
LaTeX Font Info:    Checking defaults for OMS/cmsy/m/n on input line 45.
LaTeX Font Info:    ... okay on input line 45.
LaTeX Font Info:    Checking defaults for OMX/cmex/m/n on input line 45.
LaTeX Font Info:    ... okay on input line 45.
LaTeX Font Info:    Checking defaults for U/cmr/m/n on input line 45.
LaTeX Font Info:    ... okay on input line 45.
LaTeX Font Info:    Checking defaults for PD1/pdf/m/n on input line 45.
LaTeX Font Info:    ... okay on input line 45.

*geometry* driver: auto-detecting
*geometry* detected driver: pdftex
*geometry* verbose mode - [ preamble ] result:
* driver: pdftex
* paper: <default>
* layout: <same size as paper>
* layoutoffset:(h,v)=(0.0pt,0.0pt)
* modes: landscape 
* h-part:(L,W,R)=(36.135pt, 722.7pt, 36.135pt)
* v-part:(T,H,B)=(-72.26999pt, 686.56499pt, 0.0pt)
* \paperwidth=794.96999pt
* \paperheight=614.295pt
* \textwidth=722.7pt
* \textheight=686.56499pt
* \oddsidemargin=-36.135pt
* \evensidemargin=-36.135pt
* \topmargin=-181.53998pt
* \headheight=12.0pt
* \headsep=25.0pt
* \topskip=10.0pt
* \footskip=30.0pt
* \marginparwidth=65.0pt
* \marginparsep=11.0pt
* \columnsep=10.0pt
* \skip\footins=9.0pt plus 4.0pt minus 2.0pt
* \hoffset=0.0pt
* \voffset=0.0pt
* \mag=1000
* \@twocolumnfalse
* \@twosidefalse
* \@mparswitchfalse
* \@reversemarginfalse
* (1in=72.27pt=25.4mm, 1cm=28.453pt)

(/usr/share/texlive/texmf-dist/tex/context/base/supp-pdf.mkii
[Loading MPS to PDF converter (version 2006.09.02).]
\scratchcounter=\count121
\scratchdimen=\dimen131
\scratchbox=\box54
\nofMPsegments=\count122
\nofMParguments=\count123
\everyMPshowfont=\toks16
\MPscratchCnt=\count124
\MPscratchDim=\dimen132
\MPnumerator=\count125
\makeMPintoPDFobject=\count126
\everyMPtoPDFconversion=\toks17
) (/usr/share/texlive/texmf-dist/tex/latex/oberdiek/epstopdf-base.sty
Package: epstopdf-base 2010/02/09 v2.5 Base part for package epstopdf

(/usr/share/texlive/texmf-dist/tex/latex/oberdiek/grfext.sty
Package: grfext 2010/08/19 v1.1 Manage graphics extensions (HO)
)
Package grfext Info: Graphics extension search list:
(grfext)             [.png,.pdf,.jpg,.mps,.jpeg,.jbig2,.jb2,.PNG,.PDF,.JPG,.JPE
G,.JBIG2,.JB2,.eps]
(grfext)             \AppendGraphicsExtensions on input line 452.

(/usr/share/texlive/texmf-dist/tex/latex/latexconfig/epstopdf-sys.cfg
File: epstopdf-sys.cfg 2010/07/13 v1.3 Configuration of (r)epstopdf for TeX Liv
e
))
\AtBeginShipoutBox=\box55
Package hyperref Info: Link coloring OFF on input line 45.

(/usr/share/texlive/texmf-dist/tex/latex/hyperref/nameref.sty
Package: nameref 2012/10/27 v2.43 Cross-referencing by name of section

(/usr/share/texlive/texmf-dist/tex/generic/oberdiek/gettitlestring.sty
Package: gettitlestring 2010/12/03 v1.4 Cleanup title references (HO)
)
\c@section@level=\count127
)
LaTeX Info: Redefining \ref on input line 45.
LaTeX Info: Redefining \pageref on input line 45.
LaTeX Info: Redefining \nameref on input line 45.

(./chap09.out) (./chap09.out)
\@outlinefile=\write4
\openout4 = `chap09.out'.

 [1

{/var/lib/texmf/fonts/map/pdftex/updmap/pdftex.map}]
LaTeX Font Info:    Try loading font information for OMS+cmss on input line 55.

LaTeX Font Info:    No file OMScmss.fd. on input line 55.


LaTeX Font Warning: Font shape `OMS/cmss/m/n' undefined
(Font)              using `OMS/cmsy/m/n' instead
(Font)              for symbol `textbullet' on input line 55.

[2] [3]
LaTeX Font Info:    Try loading font information for OMS+cmr on input line 85.
 (/usr/share/texlive/texmf-dist/tex/latex/base/omscmr.fd
File: omscmr.fd 1999/05/25 v2.5h Standard LaTeX font definitions
)
LaTeX Font Info:    Font shape `OMS/cmr/bx/n' in size <20.74> not available
(Font)              Font shape `OMS/cmsy/b/n' tried instead on input line 85.
 [4]
LaTeX Font Info:    External font `cmex10' loaded for size
(Font)              <20.74> on input line 90.
LaTeX Font Info:    External font `cmex10' loaded for size
(Font)              <14.4> on input line 90.
LaTeX Font Info:    External font `cmex10' loaded for size
(Font)              <12> on input line 90.


LaTeX Font Warning: Font shape `OT1/cmss/m/it' in size <20.74> not available
(Font)              Font shape `OT1/cmss/m/sl' tried instead on input line 92.

[5] [6] <figures/9_1a.pdf, id=40, 614.295pt x 794.97pt>
File: figures/9_1a.pdf Graphic file (type pdf)
 <use figures/9_1a.pdf>
Package pdftex.def Info: figures/9_1a.pdf used on input line 135.
(pdftex.def)             Requested size: 921.44023pt x 1192.45209pt.

Overfull \hbox (195.48764pt too wide) in paragraph at lines 136--137
[][] 
 []


Overfull \vbox (505.88649pt too high) has occurred while \output is active []


[7 <./figures/9_1a.pdf>] <figures/9_1b.pdf, id=52, 614.295pt x 794.97pt>
File: figures/9_1b.pdf Graphic file (type pdf)

<use figures/9_1b.pdf>
Package pdftex.def Info: figures/9_1b.pdf used on input line 137.
(pdftex.def)             Requested size: 921.44023pt x 1192.45209pt.

Overfull \hbox (195.48764pt too wide) in paragraph at lines 138--139
[][] 
 []


Overfull \vbox (505.88649pt too high) has occurred while \output is active []


[8 <./figures/9_1b.pdf>] <figures/inner_prod.pdf, id=63, 614.295pt x 794.97pt>
File: figures/inner_prod.pdf Graphic file (type pdf)

<use figures/inner_prod.pdf>
Package pdftex.def Info: figures/inner_prod.pdf used on input line 139.
(pdftex.def)             Requested size: 921.44023pt x 1192.45209pt.

Overfull \hbox (195.48764pt too wide) in paragraph at lines 140--141
[][] 
 []

<../chapter01/figures/1_4.pdf, id=64, 614.295pt x 794.97pt>
File: ../chapter01/figures/1_4.pdf Graphic file (type pdf)

<use ../chapter01/figures/1_4.pdf>
Package pdftex.def Info: ../chapter01/figures/1_4.pdf used on input line 144.
(pdftex.def)             Requested size: 921.44023pt x 1192.45209pt.

Overfull \vbox (505.88649pt too high) has occurred while \output is active []


[9 <./figures/inner_prod.pdf>]
<../chapter01/figures/p18a_quad_iterative.pdf, id=74, 614.295pt x 794.97pt>
File: ../chapter01/figures/p18a_quad_iterative.pdf Graphic file (type pdf)

<use ../chapter01/figures/p18a_quad_iterative.pdf>
Package pdftex.def Info: ../chapter01/figures/p18a_quad_iterative.pdf used on i
nput line 147.
(pdftex.def)             Requested size: 921.44023pt x 1192.45209pt.

<../chapter01/figures/p18b_quad_recursive.pdf, id=75, 614.295pt x 794.97pt>
File: ../chapter01/figures/p18b_quad_recursive.pdf Graphic file (type pdf)

<use ../chapter01/figures/p18b_quad_recursive.pdf>
Package pdftex.def Info: ../chapter01/figures/p18b_quad_recursive.pdf used on i
nput line 149.
(pdftex.def)             Requested size: 921.44023pt x 1192.45209pt.

Overfull \hbox (195.48764pt too wide) in paragraph at lines 146--151
[][]
 []


Overfull \hbox (195.48764pt too wide) in paragraph at lines 146--151
[]
 []


Overfull \hbox (195.48764pt too wide) in paragraph at lines 146--151
[] 
 []


Overfull \vbox (505.88649pt too high) has occurred while \output is active []


[10 <../chapter01/figures/1_4.pdf>]
Overfull \vbox (505.88649pt too high) has occurred while \output is active []


[11 <../chapter01/figures/p18a_quad_iterative.pdf>]
Overfull \vbox (505.88649pt too high) has occurred while \output is active []


[12 <../chapter01/figures/p18b_quad_recursive.pdf>]
<figures/9_2.pdf, id=109, 614.295pt x 794.97pt>
File: figures/9_2.pdf Graphic file (type pdf)
 <use figures/9_2.pdf>
Package pdftex.def Info: figures/9_2.pdf used on input line 152.
(pdftex.def)             Requested size: 737.1503pt x 953.95924pt.

Overfull \hbox (11.84776pt too wide) in paragraph at lines 154--155
[][] 
 []


Overfull \vbox (267.39314pt too high) has occurred while \output is active []


[13 <./figures/9_2.pdf>] <figures/heartbeat.pdf, id=121, 614.295pt x 794.97pt>
File: figures/heartbeat.pdf Graphic file (type pdf)

<use figures/heartbeat.pdf>
Package pdftex.def Info: figures/heartbeat.pdf used on input line 157.
(pdftex.def)             Requested size: 921.44023pt x 1192.45209pt.

Overfull \hbox (195.48764pt too wide) in paragraph at lines 162--163
[][] 
 []


Overfull \vbox (505.88649pt too high) has occurred while \output is active []


[14 <./figures/heartbeat.pdf>] [15]
<figures/image.pdf, id=135, 614.295pt x 794.97pt>
File: figures/image.pdf Graphic file (type pdf)
 <use figures/image.pdf>
Package pdftex.def Info: figures/image.pdf used on input line 172.
(pdftex.def)             Requested size: 921.44023pt x 1192.45209pt.

Overfull \hbox (195.48764pt too wide) in paragraph at lines 179--180
[][] 
 []


Overfull \vbox (505.88649pt too high) has occurred while \output is active []


[16 <./figures/image.pdf>] [17]
<figures/9_3a.pdf, id=150, 614.295pt x 794.97pt>
File: figures/9_3a.pdf Graphic file (type pdf)
 <use figures/9_3a.pdf>
Package pdftex.def Info: figures/9_3a.pdf used on input line 198.
(pdftex.def)             Requested size: 921.44023pt x 1192.45209pt.

Overfull \hbox (195.48764pt too wide) in paragraph at lines 199--200
[][] 
 []


Overfull \vbox (505.88649pt too high) has occurred while \output is active []


[18 <./figures/9_3a.pdf>] <figures/9_3b.pdf, id=161, 614.295pt x 794.97pt>
File: figures/9_3b.pdf Graphic file (type pdf)

<use figures/9_3b.pdf>
Package pdftex.def Info: figures/9_3b.pdf used on input line 200.
(pdftex.def)             Requested size: 921.44023pt x 1192.45209pt.

Overfull \hbox (195.48764pt too wide) in paragraph at lines 201--202
[][] 
 []


Overfull \vbox (505.88649pt too high) has occurred while \output is active []


[19 <./figures/9_3b.pdf>]
<figures/gameoflife.png, id=174, 368.87813pt x 368.87813pt>
File: figures/gameoflife.png Graphic file (type png)

<use figures/gameoflife.png>
Package pdftex.def Info: figures/gameoflife.png used on input line 215.
(pdftex.def)             Requested size: 276.6579pt x 276.6579pt.
 [20 <./figures/gameoflife.png (PNG copy)>]
<figures/9_4.pdf, id=179, 614.295pt x 794.97pt>
File: figures/9_4.pdf Graphic file (type pdf)
 <use figures/9_4.pdf>
Package pdftex.def Info: figures/9_4.pdf used on input line 217.
(pdftex.def)             Requested size: 921.44023pt x 1192.45209pt.

Overfull \hbox (195.48764pt too wide) in paragraph at lines 220--221
[][] 
 []


Overfull \vbox (505.88649pt too high) has occurred while \output is active []


[21 <./figures/9_4.pdf>] [22] <figures/9_5.pdf, id=194, 614.295pt x 794.97pt>
File: figures/9_5.pdf Graphic file (type pdf)

<use figures/9_5.pdf>
Package pdftex.def Info: figures/9_5.pdf used on input line 224.
(pdftex.def)             Requested size: 921.44023pt x 1192.45209pt.

Overfull \hbox (195.48764pt too wide) in paragraph at lines 225--226
[][] 
 []

<../chapter01/figures/p25_mm_circular.pdf, id=195, 614.295pt x 794.97pt>
File: ../chapter01/figures/p25_mm_circular.pdf Graphic file (type pdf)

<use ../chapter01/figures/p25_mm_circular.pdf>
Package pdftex.def Info: ../chapter01/figures/p25_mm_circular.pdf used on input
 line 227.
(pdftex.def)             Requested size: 921.44023pt x 1192.45209pt.

Overfull \vbox (505.88649pt too high) has occurred while \output is active []


[23 <./figures/9_5.pdf>]
Overfull \hbox (195.48764pt too wide) in paragraph at lines 230--231
[][] 
 []


Overfull \vbox (505.88649pt too high) has occurred while \output is active []


[24 <../chapter01/figures/p25_mm_circular.pdf>]
<figures/9_6a.pdf, id=220, 614.295pt x 794.97pt>
File: figures/9_6a.pdf Graphic file (type pdf)
 <use figures/9_6a.pdf>
Package pdftex.def Info: figures/9_6a.pdf used on input line 232.
(pdftex.def)             Requested size: 921.44023pt x 1192.45209pt.

Overfull \hbox (195.48764pt too wide) in paragraph at lines 233--234
[][] 
 []


Overfull \vbox (505.88649pt too high) has occurred while \output is active []


[25 <./figures/9_6a.pdf>] <figures/9_6b.pdf, id=232, 614.295pt x 794.97pt>
File: figures/9_6b.pdf Graphic file (type pdf)

<use figures/9_6b.pdf>
Package pdftex.def Info: figures/9_6b.pdf used on input line 234.
(pdftex.def)             Requested size: 767.86685pt x 993.71007pt.

Overfull \hbox (42.45578pt too wide) in paragraph at lines 235--236
[][] 
 []


Overfull \vbox (307.14381pt too high) has occurred while \output is active []


[26 <./figures/9_6b.pdf>] [27]
<figures/mm_blocks.pdf, id=247, 614.295pt x 794.97pt>
File: figures/mm_blocks.pdf Graphic file (type pdf)

<use figures/mm_blocks.pdf>
Package pdftex.def Info: figures/mm_blocks.pdf used on input line 250.
(pdftex.def)             Requested size: 921.44023pt x 1192.45209pt.

Overfull \hbox (195.48764pt too wide) in paragraph at lines 259--260
[][] 
 []


Overfull \vbox (505.88649pt too high) has occurred while \output is active []


[28 <./figures/mm_blocks.pdf>] <figures/9_7.pdf, id=257, 614.295pt x 794.97pt>
File: figures/9_7.pdf Graphic file (type pdf)

<use figures/9_7.pdf>
Package pdftex.def Info: figures/9_7.pdf used on input line 261.
(pdftex.def)             Requested size: 921.44023pt x 1192.45209pt.

Overfull \hbox (195.48764pt too wide) in paragraph at lines 262--263
[][] 
 []


Overfull \vbox (505.88649pt too high) has occurred while \output is active []


[29 <./figures/9_7.pdf>] [30] <figures/9_8.pdf, id=272, 614.295pt x 794.97pt>
File: figures/9_8.pdf Graphic file (type pdf)

<use figures/9_8.pdf>
Package pdftex.def Info: figures/9_8.pdf used on input line 270.
(pdftex.def)             Requested size: 921.44023pt x 1192.45209pt.

Overfull \hbox (195.48764pt too wide) in paragraph at lines 279--280
[][] 
 []


Overfull \vbox (505.88649pt too high) has occurred while \output is active []


[31 <./figures/9_8.pdf>] <figures/9_9.pdf, id=285, 614.295pt x 794.97pt>
File: figures/9_9.pdf Graphic file (type pdf)

<use figures/9_9.pdf>
Package pdftex.def Info: figures/9_9.pdf used on input line 281.
(pdftex.def)             Requested size: 921.44023pt x 1192.45209pt.

Overfull \hbox (195.48764pt too wide) in paragraph at lines 282--283
[][] 
 []


Overfull \vbox (505.88649pt too high) has occurred while \output is active []


[32 <./figures/9_9.pdf>] [33] <figures/9_10.pdf, id=300, 614.295pt x 794.97pt>
File: figures/9_10.pdf Graphic file (type pdf)

<use figures/9_10.pdf>
Package pdftex.def Info: figures/9_10.pdf used on input line 291.
(pdftex.def)             Requested size: 921.44023pt x 1192.45209pt.

Overfull \hbox (195.48764pt too wide) in paragraph at lines 295--296
[][] 
 []


Overfull \vbox (505.88649pt too high) has occurred while \output is active []


[34 <./figures/9_10.pdf>] [35] [36]
<figures/9_11.pdf, id=319, 614.295pt x 794.97pt>
File: figures/9_11.pdf Graphic file (type pdf)
 <use figures/9_11.pdf>
Package pdftex.def Info: figures/9_11.pdf used on input line 322.
(pdftex.def)             Requested size: 798.5834pt x 1033.4609pt.

Overfull \hbox (73.0638pt too wide) in paragraph at lines 323--324
[][] 
 []


Overfull \vbox (346.89449pt too high) has occurred while \output is active []


[37 <./figures/9_11.pdf>] [38]
<figures/9_12.pdf, id=335, 614.295pt x 794.97pt>
File: figures/9_12.pdf Graphic file (type pdf)
 <use figures/9_12.pdf>
Package pdftex.def Info: figures/9_12.pdf used on input line 338.
(pdftex.def)             Requested size: 737.1503pt x 953.95924pt.

Overfull \hbox (11.84776pt too wide) in paragraph at lines 340--341
[][] 
 []


Overfull \vbox (267.39314pt too high) has occurred while \output is active []


[39 <./figures/9_12.pdf>] [40] [41] [42] [43] [44] [45] [46] [47] [48] [49]
[50] <figures/9_13.pdf, id=395, 614.295pt x 794.97pt>
File: figures/9_13.pdf Graphic file (type pdf)
 <use figures/9_13.pdf>
Package pdftex.def Info: figures/9_13.pdf used on input line 519.
(pdftex.def)             Requested size: 645.01003pt x 834.71889pt.

Overfull \vbox (148.15334pt too high) has occurred while \output is active []


[51 <./figures/9_13.pdf>] [52] [53] [54]
<figures/9_14.pdf, id=420, 614.295pt x 794.97pt>
File: figures/9_14.pdf Graphic file (type pdf)
 <use figures/9_14.pdf>
Package pdftex.def Info: figures/9_14.pdf used on input line 563.
(pdftex.def)             Requested size: 921.44023pt x 1192.45209pt.

Overfull \hbox (195.48764pt too wide) in paragraph at lines 569--570
[][] 
 []


Overfull \vbox (505.88649pt too high) has occurred while \output is active []


[55 <./figures/9_14.pdf>] <figures/9_15.pdf, id=436, 614.295pt x 794.97pt>
File: figures/9_15.pdf Graphic file (type pdf)

<use figures/9_15.pdf>
Package pdftex.def Info: figures/9_15.pdf used on input line 571.
(pdftex.def)             Requested size: 921.44023pt x 1192.45209pt.

Overfull \hbox (195.48764pt too wide) in paragraph at lines 572--573
[][] 
 []


Overfull \vbox (505.88649pt too high) has occurred while \output is active []


[56 <./figures/9_15.pdf>] [57]
<figures/9_16.pdf, id=452, 614.295pt x 794.97pt>
File: figures/9_16.pdf Graphic file (type pdf)
 <use figures/9_16.pdf>
Package pdftex.def Info: figures/9_16.pdf used on input line 599.
(pdftex.def)             Requested size: 921.44023pt x 1192.45209pt.

Overfull \hbox (195.48764pt too wide) in paragraph at lines 600--601
[][] 
 []


Overfull \vbox (505.88649pt too high) has occurred while \output is active []


[58 <./figures/9_16.pdf>] [59]
<figures/9_17.pdf, id=469, 614.295pt x 794.97pt>
File: figures/9_17.pdf Graphic file (type pdf)
 <use figures/9_17.pdf>
Package pdftex.def Info: figures/9_17.pdf used on input line 608.
(pdftex.def)             Requested size: 921.44023pt x 1192.45209pt.

Overfull \hbox (195.48764pt too wide) in paragraph at lines 615--616
[][] 
 []


Overfull \vbox (505.88649pt too high) has occurred while \output is active []


[60 <./figures/9_17.pdf>] [61] [62]
<figures/9_18.pdf, id=489, 614.295pt x 794.97pt>
File: figures/9_18.pdf Graphic file (type pdf)
 <use figures/9_18.pdf>
Package pdftex.def Info: figures/9_18.pdf used on input line 660.
(pdftex.def)             Requested size: 921.44023pt x 1192.45209pt.

Overfull \hbox (195.48764pt too wide) in paragraph at lines 661--662
[][] 
 []


Overfull \vbox (505.88649pt too high) has occurred while \output is active []


[63 <./figures/9_18.pdf>] [64]
<figures/9_19.pdf, id=506, 614.295pt x 794.97pt>
File: figures/9_19.pdf Graphic file (type pdf)
 <use figures/9_19.pdf>
Package pdftex.def Info: figures/9_19.pdf used on input line 665.
(pdftex.def)             Requested size: 921.44023pt x 1192.45209pt.

Overfull \hbox (195.48764pt too wide) in paragraph at lines 666--667
[][] 
 []


Overfull \vbox (505.88649pt too high) has occurred while \output is active []


[65 <./figures/9_19.pdf>] <figures/9_20.pdf, id=520, 614.295pt x 794.97pt>
File: figures/9_20.pdf Graphic file (type pdf)

<use figures/9_20.pdf>
Package pdftex.def Info: figures/9_20.pdf used on input line 667.
(pdftex.def)             Requested size: 921.44023pt x 1192.45209pt.

Overfull \hbox (195.48764pt too wide) in paragraph at lines 668--669
[][] 
 []


Overfull \vbox (505.88649pt too high) has occurred while \output is active []


[66 <./figures/9_20.pdf>] [67] [68]
<figures/9_21.pdf, id=541, page=1, 614.295pt x 794.97pt>
File: figures/9_21.pdf Graphic file (type pdf)

<use figures/9_21.pdf, page 1>
Package pdftex.def Info: figures/9_21.pdf, page1 used on input line 713.
(pdftex.def)             Requested size: 583.57693pt x 755.21722pt.

Overfull \vbox (68.652pt too high) has occurred while \output is active []


[69 <./figures/9_21.pdf>]
<figures/9_21.pdf, id=548, page=2, 614.295pt x 794.97pt>
File: figures/9_21.pdf Graphic file (type pdf)

<use figures/9_21.pdf, page 2>
Package pdftex.def Info: figures/9_21.pdf, page2 used on input line 715.
(pdftex.def)             Requested size: 614.29349pt x 794.96806pt.
Package atveryend Info: Empty hook `BeforeClearDocument' on input line 720.

Overfull \vbox (108.40266pt too high) has occurred while \output is active []


[70 <./figures/9_21.pdf>]
Package atveryend Info: Empty hook `AfterLastShipout' on input line 720.
 (./chap09.aux)
Package atveryend Info: Executing hook `AtVeryEndDocument' on input line 720.
Package atveryend Info: Executing hook `AtEndAfterFileList' on input line 720.
Package rerunfilecheck Info: File `chap09.out' has not changed.
(rerunfilecheck)             Checksum: D41D8CD98F00B204E9800998ECF8427E;0.


LaTeX Font Warning: Some font shapes were not available, defaults substituted.

Package atveryend Info: Empty hook `AtVeryVeryEnd' on input line 720.
 ) 
Here is how much of TeX's memory you used:
 6394 strings out of 495028
 95710 string characters out of 6181497
 193548 words of memory out of 5000000
 9450 multiletter control sequences out of 15000+600000
 8549 words of font info for 31 fonts, out of 8000000 for 9000
 14 hyphenation exceptions out of 8191
 29i,7n,23p,239b,376s stack positions out of 5000i,500n,10000p,200000b,80000s
</usr/share/texlive/texmf-dist/fonts/type1/public/amsfonts/cm/cmbsy10.pfb></u
sr/share/texlive/texmf-dist/fonts/type1/public/amsfonts/cm/cmbx12.pfb></usr/sha
re/texlive/texmf-dist/fonts/type1/public/amsfonts/cm/cmex10.pfb></usr/share/tex
live/texmf-dist/fonts/type1/public/amsfonts/cm/cmmi12.pfb></usr/share/texlive/t
exmf-dist/fonts/type1/public/amsfonts/cm/cmr10.pfb></usr/share/texlive/texmf-di
st/fonts/type1/public/amsfonts/cm/cmr12.pfb></usr/share/texlive/texmf-dist/font
s/type1/public/amsfonts/cm/cmr17.pfb></usr/share/texlive/texmf-dist/fonts/type1
/public/amsfonts/cm/cmss17.pfb></usr/share/texlive/texmf-dist/fonts/type1/publi
c/amsfonts/cm/cmssi17.pfb></usr/share/texlive/texmf-dist/fonts/type1/public/ams
fonts/cm/cmsy10.pfb></usr/share/texlive/texmf-dist/fonts/type1/public/amsfonts/
cm/cmtt12.pfb>
Output written on chap09.pdf (70 pages, 198814 bytes).
PDF statistics:
 615 PDF objects out of 1000 (max. 8388607)
 487 compressed objects within 5 object streams
 73 named destinations out of 1000 (max. 500000)
 171 words of extra memory for PDF output out of 10000 (max. 10000000)

